<?xml version="1.0" encoding="UTF-8"?>
<!-- Generated by org.testng.reporters.JUnitXMLReporter -->
<testsuite ignored="0" hostname="SPMUMLAP-0060" failures="0" tests="120" name="Default test" time="1059.343" errors="0" timestamp="2025-02-27T14:11:01 IST">
  <testcase classname="com.test.AllScenarios_EG_TC" name="RUNALL" time="0.01"/>
  <testcase classname="com.test.AllScenarios_EG_TC" name="RUNALL" time="0.003"/>
  <testcase classname="com.test.AllScenarios_EG_TC" name="RUNALL" time="0.001"/>
  <testcase classname="com.test.AllScenarios_EG_TC" name="RUNALL" time="0.002"/>
  <testcase classname="com.test.AllScenarios_EG_TC" name="RUNALL" time="0.0"/>
  <testcase classname="com.test.AllScenarios_EG_TC" name="RUNALL" time="0.0"/>
  <testcase classname="com.test.AllScenarios_EG_TC" name="RUNALL" time="0.001"/>
  <testcase classname="com.test.AllScenarios_EG_TC" name="RUNALL" time="0.0"/>
  <testcase classname="com.test.AllScenarios_EG_TC" name="RUNALL" time="0.001"/>
  <testcase classname="com.test.AllScenarios_EG_TC" name="RUNALL" time="0.001"/>
  <testcase classname="com.test.AllScenarios_EG_TC" name="RUNALL" time="0.0"/>
  <testcase classname="com.test.AllScenarios_EG_TC" name="RUNALL" time="0.001"/>
  <testcase classname="com.test.AllScenarios_EG_TC" name="RUNALL" time="0.003"/>
  <testcase classname="com.test.AllScenarios_EG_TC" name="RUNALL" time="0.001"/>
  <testcase classname="com.test.AllScenarios_EG_TC" name="RUNALL" time="0.001"/>
  <testcase classname="com.test.AllScenarios_EG_TC" name="RUNALL" time="0.001"/>
  <testcase classname="com.test.AllScenarios_EG_TC" name="RUNALL" time="0.001"/>
  <testcase classname="com.test.AllScenarios_EG_TC" name="RUNALL" time="0.001"/>
  <testcase classname="com.test.AllScenarios_EG_TC" name="RUNALL" time="0.0"/>
  <testcase classname="com.test.AllScenarios_EG_TC" name="RUNALL" time="0.001"/>
  <testcase classname="com.test.AllScenarios_EG_TC" name="RUNALL" time="0.001"/>
  <testcase classname="com.test.AllScenarios_EG_TC" name="RUNALL" time="0.001"/>
  <testcase classname="com.test.AllScenarios_EG_TC" name="RUNALL" time="0.001"/>
  <testcase classname="com.test.AllScenarios_EG_TC" name="RUNALL" time="0.0"/>
  <testcase classname="com.test.AllScenarios_EG_TC" name="RUNALL" time="0.001"/>
  <testcase classname="com.test.AllScenarios_EG_TC" name="RUNALL" time="0.001"/>
  <testcase classname="com.test.AllScenarios_EG_TC" name="RUNALL" time="0.001"/>
  <testcase classname="com.test.AllScenarios_EG_TC" name="RUNALL" time="0.002"/>
  <testcase classname="com.test.AllScenarios_EG_TC" name="RUNALL" time="0.001"/>
  <testcase classname="com.test.AllScenarios_EG_TC" name="RUNALL" time="311.909"/>
  <testcase classname="com.test.AllScenarios_EG_TC" name="RUNALL" time="351.279"/>
  <testcase classname="com.test.AllScenarios_EG_TC" name="RUNALL" time="0.001"/>
  <testcase classname="com.test.AllScenarios_EG_TC" name="RUNALL" time="0.001"/>
  <testcase classname="com.test.AllScenarios_EG_TC" name="RUNALL" time="0.001"/>
  <testcase classname="com.test.AllScenarios_EG_TC" name="RUNALL" time="395.231"/>
  <testcase classname="com.test.AllScenarios_EG_TC" name="RUNALL" time="0.001"/>
  <testcase classname="com.test.AllScenarios_EG_TC" name="RUNALL" time="0.001"/>
  <testcase classname="com.test.AllScenarios_EG_TC" name="RUNALL" time="0.0"/>
  <testcase classname="com.test.AllScenarios_EG_TC" name="RUNALL" time="0.0"/>
  <testcase classname="com.test.AllScenarios_EG_TC" name="RUNALL" time="0.0"/>
  <testcase classname="com.test.AllScenarios_EG_TC" name="RUNALL" time="0.0"/>
  <testcase classname="com.test.AllScenarios_EG_TC" name="RUNALL" time="0.002"/>
  <testcase classname="com.test.AllScenarios_EG_TC" name="RUNALL" time="0.0"/>
  <testcase classname="com.test.AllScenarios_EG_TC" name="RUNALL" time="0.001"/>
  <testcase classname="com.test.AllScenarios_EG_TC" name="RUNALL" time="0.001"/>
  <testcase classname="com.test.AllScenarios_EG_TC" name="RUNALL" time="0.0"/>
  <testcase classname="com.test.AllScenarios_EG_TC" name="RUNALL" time="0.0"/>
  <testcase classname="com.test.AllScenarios_EG_TC" name="RUNALL" time="0.0"/>
  <testcase classname="com.test.AllScenarios_EG_TC" name="RUNALL" time="0.001"/>
  <testcase classname="com.test.AllScenarios_EG_TC" name="RUNALL" time="0.0"/>
  <testcase classname="com.test.AllScenarios_EG_TC" name="RUNALL" time="0.0"/>
  <testcase classname="com.test.AllScenarios_EG_TC" name="RUNALL" time="0.0"/>
  <testcase classname="com.test.AllScenarios_EG_TC" name="RUNALL" time="0.0"/>
  <testcase classname="com.test.AllScenarios_EG_TC" name="RUNALL" time="0.0"/>
  <testcase classname="com.test.AllScenarios_EG_TC" name="RUNALL" time="0.001"/>
  <testcase classname="com.test.AllScenarios_EG_TC" name="RUNALL" time="0.0"/>
  <testcase classname="com.test.AllScenarios_EG_TC" name="RUNALL" time="0.0"/>
  <testcase classname="com.test.AllScenarios_EG_TC" name="RUNALL" time="0.001"/>
  <testcase classname="com.test.AllScenarios_EG_TC" name="RUNALL" time="0.001"/>
  <testcase classname="com.test.AllScenarios_EG_TC" name="RUNALL" time="0.0"/>
  <testcase classname="com.test.AllScenarios_EG_TC" name="RUNALL" time="0.0"/>
  <testcase classname="com.test.AllScenarios_EG_TC" name="RUNALL" time="0.0"/>
  <testcase classname="com.test.AllScenarios_EG_TC" name="RUNALL" time="0.001"/>
  <testcase classname="com.test.AllScenarios_EG_TC" name="RUNALL" time="0.002"/>
  <testcase classname="com.test.AllScenarios_EG_TC" name="RUNALL" time="0.001"/>
  <testcase classname="com.test.AllScenarios_EG_TC" name="RUNALL" time="0.001"/>
  <testcase classname="com.test.AllScenarios_EG_TC" name="RUNALL" time="0.0"/>
  <testcase classname="com.test.AllScenarios_EG_TC" name="RUNALL" time="0.001"/>
  <testcase classname="com.test.AllScenarios_EG_TC" name="RUNALL" time="0.001"/>
  <testcase classname="com.test.AllScenarios_EG_TC" name="RUNALL" time="0.0"/>
  <testcase classname="com.test.AllScenarios_EG_TC" name="RUNALL" time="0.001"/>
  <testcase classname="com.test.AllScenarios_EG_TC" name="RUNALL" time="0.0"/>
  <testcase classname="com.test.AllScenarios_EG_TC" name="RUNALL" time="0.001"/>
  <testcase classname="com.test.AllScenarios_EG_TC" name="RUNALL" time="0.0"/>
  <testcase classname="com.test.AllScenarios_EG_TC" name="RUNALL" time="0.001"/>
  <testcase classname="com.test.AllScenarios_EG_TC" name="RUNALL" time="0.001"/>
  <testcase classname="com.test.AllScenarios_EG_TC" name="RUNALL" time="0.0"/>
  <testcase classname="com.test.AllScenarios_EG_TC" name="RUNALL" time="0.001"/>
  <testcase classname="com.test.AllScenarios_EG_TC" name="RUNALL" time="0.001"/>
  <testcase classname="com.test.AllScenarios_EG_TC" name="RUNALL" time="0.0"/>
  <testcase classname="com.test.AllScenarios_EG_TC" name="RUNALL" time="0.0"/>
  <testcase classname="com.test.AllScenarios_EG_TC" name="RUNALL" time="0.001"/>
  <testcase classname="com.test.AllScenarios_EG_TC" name="RUNALL" time="0.001"/>
  <testcase classname="com.test.AllScenarios_EG_TC" name="RUNALL" time="0.001"/>
  <testcase classname="com.test.AllScenarios_EG_TC" name="RUNALL" time="0.001"/>
  <testcase classname="com.test.AllScenarios_EG_TC" name="RUNALL" time="0.0"/>
  <testcase classname="com.test.AllScenarios_EG_TC" name="RUNALL" time="0.0"/>
  <testcase classname="com.test.AllScenarios_EG_TC" name="RUNALL" time="0.0"/>
  <testcase classname="com.test.AllScenarios_EG_TC" name="RUNALL" time="0.0"/>
  <testcase classname="com.test.AllScenarios_EG_TC" name="RUNALL" time="0.001"/>
  <testcase classname="com.test.AllScenarios_EG_TC" name="RUNALL" time="0.001"/>
  <testcase classname="com.test.AllScenarios_EG_TC" name="RUNALL" time="0.001"/>
  <testcase classname="com.test.AllScenarios_EG_TC" name="RUNALL" time="0.0"/>
  <testcase classname="com.test.AllScenarios_EG_TC" name="RUNALL" time="0.0"/>
  <testcase classname="com.test.AllScenarios_EG_TC" name="RUNALL" time="0.0"/>
  <testcase classname="com.test.AllScenarios_EG_TC" name="RUNALL" time="0.0"/>
  <testcase classname="com.test.AllScenarios_EG_TC" name="RUNALL" time="0.0"/>
  <testcase classname="com.test.AllScenarios_EG_TC" name="RUNALL" time="0.0"/>
  <testcase classname="com.test.AllScenarios_EG_TC" name="RUNALL" time="0.001"/>
  <testcase classname="com.test.AllScenarios_EG_TC" name="RUNALL" time="0.001"/>
  <testcase classname="com.test.AllScenarios_EG_TC" name="RUNALL" time="0.0"/>
  <testcase classname="com.test.AllScenarios_EG_TC" name="RUNALL" time="0.0"/>
  <testcase classname="com.test.AllScenarios_EG_TC" name="RUNALL" time="0.001"/>
  <testcase classname="com.test.AllScenarios_EG_TC" name="RUNALL" time="0.001"/>
  <testcase classname="com.test.AllScenarios_EG_TC" name="RUNALL" time="0.001"/>
  <testcase classname="com.test.AllScenarios_EG_TC" name="RUNALL" time="0.001"/>
  <testcase classname="com.test.AllScenarios_EG_TC" name="RUNALL" time="0.0"/>
  <testcase classname="com.test.AllScenarios_EG_TC" name="RUNALL" time="0.0"/>
  <testcase classname="com.test.AllScenarios_EG_TC" name="RUNALL" time="0.0"/>
  <testcase classname="com.test.AllScenarios_EG_TC" name="RUNALL" time="0.0"/>
  <testcase classname="com.test.AllScenarios_EG_TC" name="RUNALL" time="0.0"/>
  <testcase classname="com.test.AllScenarios_EG_TC" name="RUNALL" time="0.0"/>
  <testcase classname="com.test.AllScenarios_EG_TC" name="RUNALL" time="0.0"/>
  <testcase classname="com.test.AllScenarios_EG_TC" name="RUNALL" time="0.0"/>
  <testcase classname="com.test.AllScenarios_EG_TC" name="RUNALL" time="0.001"/>
  <testcase classname="com.test.AllScenarios_EG_TC" name="RUNALL" time="0.001"/>
  <testcase classname="com.test.AllScenarios_EG_TC" name="RUNALL" time="0.001"/>
  <testcase classname="com.test.AllScenarios_EG_TC" name="RUNALL" time="0.001"/>
  <testcase classname="com.test.AllScenarios_EG_TC" name="RUNALL" time="0.001"/>
  <testcase classname="com.test.AllScenarios_EG_TC" name="RUNALL" time="0.001"/>
</testsuite> <!-- Default test -->
