<?xml version="1.0" encoding="UTF-8"?>
<testng-results ignored="0" total="120" passed="120" failed="0" skipped="0">
  <reporter-output>
  </reporter-output>
  <suite started-at="2025-02-27T13:53:21 IST" name="Default suite" finished-at="2025-02-27T14:11:01 IST" duration-ms="1059343">
    <groups>
    </groups>
    <test started-at="2025-02-27T13:53:21 IST" name="Default test" finished-at="2025-02-27T14:11:01 IST" duration-ms="1059343">
      <class name="com.test.AllScenarios_EG_TC">
        <test-method is-config="true" signature="reference()[pri:0, instance:com.test.AllScenarios_EG_TC@306cf3ea]" started-at="2025-02-27T13:53:21 IST" name="reference" finished-at="2025-02-27T13:53:21 IST" duration-ms="530" status="PASS">
          <reporter-output>
          </reporter-output>
        </test-method> <!-- reference -->
        <test-method signature="RUNALL(java.util.Map,org.testng.ITestContext)[pri:0, instance:com.test.AllScenarios_EG_TC@306cf3ea]" started-at="2025-02-27T13:53:22 IST" name="RUNALL" data-provider="TestData" finished-at="2025-02-27T13:53:22 IST" duration-ms="10" status="PASS">
          <params>
            <param index="0">
              <value>
                <![CDATA[{=, Pre-conditions=, prod=, qa=, Run=No, TestScenario=System_Cleaning_Script, uat=}]]>
              </value>
            </param>
            <param index="1">
              <value>
                <![CDATA[org.testng.TestRunner@4078695f]]>
              </value>
            </param>
          </params>
          <reporter-output>
          </reporter-output>
        </test-method> <!-- RUNALL -->
        <test-method signature="RUNALL(java.util.Map,org.testng.ITestContext)[pri:0, instance:com.test.AllScenarios_EG_TC@306cf3ea]" started-at="2025-02-27T13:53:22 IST" name="RUNALL" data-provider="TestData" finished-at="2025-02-27T13:53:22 IST" duration-ms="3" status="PASS">
          <params>
            <param index="0">
              <value>
                <![CDATA[{=, Pre-conditions=, prod=, qa=, Run=No, TestScenario=DashBoard_Filters_Configurations_Grids, uat=}]]>
              </value>
            </param>
            <param index="1">
              <value>
                <![CDATA[org.testng.TestRunner@4078695f]]>
              </value>
            </param>
          </params>
          <reporter-output>
          </reporter-output>
        </test-method> <!-- RUNALL -->
        <test-method signature="RUNALL(java.util.Map,org.testng.ITestContext)[pri:0, instance:com.test.AllScenarios_EG_TC@306cf3ea]" started-at="2025-02-27T13:53:22 IST" name="RUNALL" data-provider="TestData" finished-at="2025-02-27T13:53:22 IST" duration-ms="1" status="PASS">
          <params>
            <param index="0">
              <value>
                <![CDATA[{=CTI Console, Pre-conditions=, prod=Done(AutoCTI,CEUserone), qa=Done(AutoCTI,CEUserone), Run=No, TestScenario=TC_CTI_Call_Group_Tab_Validation, uat=Done(AutoCTI,CEUserone)}]]>
              </value>
            </param>
            <param index="1">
              <value>
                <![CDATA[org.testng.TestRunner@4078695f]]>
              </value>
            </param>
          </params>
          <reporter-output>
          </reporter-output>
        </test-method> <!-- RUNALL -->
        <test-method signature="RUNALL(java.util.Map,org.testng.ITestContext)[pri:0, instance:com.test.AllScenarios_EG_TC@306cf3ea]" started-at="2025-02-27T13:53:22 IST" name="RUNALL" data-provider="TestData" finished-at="2025-02-27T13:53:22 IST" duration-ms="2" status="PASS">
          <params>
            <param index="0">
              <value>
                <![CDATA[{=CTI Console, Pre-conditions=, prod=Done(AutoCTI,CEUserone), qa=done(Qualitia.test1), Run=No, TestScenario=TC_CTI_MissedCall_Tab_Validation, uat=Done(AutoCTI,CEUserone)}]]>
              </value>
            </param>
            <param index="1">
              <value>
                <![CDATA[org.testng.TestRunner@4078695f]]>
              </value>
            </param>
          </params>
          <reporter-output>
          </reporter-output>
        </test-method> <!-- RUNALL -->
        <test-method signature="RUNALL(java.util.Map,org.testng.ITestContext)[pri:0, instance:com.test.AllScenarios_EG_TC@306cf3ea]" started-at="2025-02-27T13:53:22 IST" name="RUNALL" data-provider="TestData" finished-at="2025-02-27T13:53:22 IST" duration-ms="0" status="PASS">
          <params>
            <param index="0">
              <value>
                <![CDATA[{=CTI Console, Pre-conditions=, prod=Done(AutoCTI,CEUserone), qa=Issue in QA, Run=No, TestScenario=CTI_Console_VoiceMailTab_Validation, uat=Done(AutoCTI,CEUserone)}]]>
              </value>
            </param>
            <param index="1">
              <value>
                <![CDATA[org.testng.TestRunner@4078695f]]>
              </value>
            </param>
          </params>
          <reporter-output>
          </reporter-output>
        </test-method> <!-- RUNALL -->
        <test-method signature="RUNALL(java.util.Map,org.testng.ITestContext)[pri:0, instance:com.test.AllScenarios_EG_TC@306cf3ea]" started-at="2025-02-27T13:53:22 IST" name="RUNALL" data-provider="TestData" finished-at="2025-02-27T13:53:22 IST" duration-ms="0" status="PASS">
          <params>
            <param index="0">
              <value>
                <![CDATA[{=CTI Console, Pre-conditions=, prod=done(AutoCTI,CEUsertwo,CEUsertwo), qa=done(AutoCTI,CEUsertwo,CEUsertwo), Run=No, TestScenario=TC_CTI_Call_ON_Call_Validation, uat=done(AutoCTI,CEUsertwo,CEUsertwo)}]]>
              </value>
            </param>
            <param index="1">
              <value>
                <![CDATA[org.testng.TestRunner@4078695f]]>
              </value>
            </param>
          </params>
          <reporter-output>
          </reporter-output>
        </test-method> <!-- RUNALL -->
        <test-method signature="RUNALL(java.util.Map,org.testng.ITestContext)[pri:0, instance:com.test.AllScenarios_EG_TC@306cf3ea]" started-at="2025-02-27T13:53:22 IST" name="RUNALL" data-provider="TestData" finished-at="2025-02-27T13:53:22 IST" duration-ms="1" status="PASS">
          <params>
            <param index="0">
              <value>
                <![CDATA[{=CTI Console, Pre-conditions=, prod=Done(AutoCTI,CEUserone), qa=Done(AutoCTI,CEUserone), Run=No, TestScenario=CTI_Console_Available_Offline_Custom, uat=Done(AutoCTI,CEUserone)}]]>
              </value>
            </param>
            <param index="1">
              <value>
                <![CDATA[org.testng.TestRunner@4078695f]]>
              </value>
            </param>
          </params>
          <reporter-output>
          </reporter-output>
        </test-method> <!-- RUNALL -->
        <test-method signature="RUNALL(java.util.Map,org.testng.ITestContext)[pri:0, instance:com.test.AllScenarios_EG_TC@306cf3ea]" started-at="2025-02-27T13:53:22 IST" name="RUNALL" data-provider="TestData" finished-at="2025-02-27T13:53:22 IST" duration-ms="0" status="PASS">
          <params>
            <param index="0">
              <value>
                <![CDATA[{=CTI Console, Pre-conditions=Number should not been saved, prod=Done(AutoCTI,CEUserone), qa=Done(AutoCTI,CEUserone), Run=No, TestScenario=TC_CTI_Messages_Tab_Validations, uat=Done(AutoCTI,CEUserone)}]]>
              </value>
            </param>
            <param index="1">
              <value>
                <![CDATA[org.testng.TestRunner@4078695f]]>
              </value>
            </param>
          </params>
          <reporter-output>
          </reporter-output>
        </test-method> <!-- RUNALL -->
        <test-method signature="RUNALL(java.util.Map,org.testng.ITestContext)[pri:0, instance:com.test.AllScenarios_EG_TC@306cf3ea]" started-at="2025-02-27T13:53:22 IST" name="RUNALL" data-provider="TestData" finished-at="2025-02-27T13:53:22 IST" duration-ms="1" status="PASS">
          <params>
            <param index="0">
              <value>
                <![CDATA[{=CTI Console, Pre-conditions=, prod=Done(AutoCTI,CEUserone), qa=Done(AutoCTI,CEUserone), Run=No, TestScenario=TC_CTI_Recordings_Tab_Validation, uat=Done(AutoCTI,CEUserone)}]]>
              </value>
            </param>
            <param index="1">
              <value>
                <![CDATA[org.testng.TestRunner@4078695f]]>
              </value>
            </param>
          </params>
          <reporter-output>
          </reporter-output>
        </test-method> <!-- RUNALL -->
        <test-method signature="RUNALL(java.util.Map,org.testng.ITestContext)[pri:0, instance:com.test.AllScenarios_EG_TC@306cf3ea]" started-at="2025-02-27T13:53:22 IST" name="RUNALL" data-provider="TestData" finished-at="2025-02-27T13:53:22 IST" duration-ms="1" status="PASS">
          <params>
            <param index="0">
              <value>
                <![CDATA[{=CTI Console, Pre-conditions=, prod=Done(AutoCTI,CEUserone), qa=Done(AutoCTI,CEUserone), Run=No, TestScenario=TC_CTI_Call_Logs_Tab_Validation, uat=Done(AutoCTI,CEUserone)}]]>
              </value>
            </param>
            <param index="1">
              <value>
                <![CDATA[org.testng.TestRunner@4078695f]]>
              </value>
            </param>
          </params>
          <reporter-output>
          </reporter-output>
        </test-method> <!-- RUNALL -->
        <test-method signature="RUNALL(java.util.Map,org.testng.ITestContext)[pri:0, instance:com.test.AllScenarios_EG_TC@306cf3ea]" started-at="2025-02-27T13:53:22 IST" name="RUNALL" data-provider="TestData" finished-at="2025-02-27T13:53:22 IST" duration-ms="0" status="PASS">
          <params>
            <param index="0">
              <value>
                <![CDATA[{=Call Sequence, Pre-conditions=User should have access for Dashoard for BMW, prod=Done(AutoCTI,CEUserone,CEUsertwo), qa=Done(AutoCTI,CEUserone,CEUsertwo), Run=No, TestScenario=TC_Inbound_Call_Barge_Monitor_Whisper, uat=Done(AutoCTI,CEUserone,CEUsertwo)}]]>
              </value>
            </param>
            <param index="1">
              <value>
                <![CDATA[org.testng.TestRunner@4078695f]]>
              </value>
            </param>
          </params>
          <reporter-output>
          </reporter-output>
        </test-method> <!-- RUNALL -->
        <test-method signature="RUNALL(java.util.Map,org.testng.ITestContext)[pri:0, instance:com.test.AllScenarios_EG_TC@306cf3ea]" started-at="2025-02-27T13:53:22 IST" name="RUNALL" data-provider="TestData" finished-at="2025-02-27T13:53:22 IST" duration-ms="1" status="PASS">
          <params>
            <param index="0">
              <value>
                <![CDATA[{=Call Sequence, Pre-conditions=, prod=Done(AutoCTI,CEUserone,CEUsertwo), qa=Done(AutoCTI,CEUserone,CEUsertwo), Run=No, TestScenario=TC_Inbound_Admin_Call_Log_Transfer_Online_Offline, uat=Done(AutoCTI,CEUserone,CEUsertwo)}]]>
              </value>
            </param>
            <param index="1">
              <value>
                <![CDATA[org.testng.TestRunner@4078695f]]>
              </value>
            </param>
          </params>
          <reporter-output>
          </reporter-output>
        </test-method> <!-- RUNALL -->
        <test-method signature="RUNALL(java.util.Map,org.testng.ITestContext)[pri:0, instance:com.test.AllScenarios_EG_TC@306cf3ea]" started-at="2025-02-27T13:53:22 IST" name="RUNALL" data-provider="TestData" finished-at="2025-02-27T13:53:22 IST" duration-ms="3" status="PASS">
          <params>
            <param index="0">
              <value>
                <![CDATA[{=Call Sequence, Pre-conditions=User should have Custom Message as AutoStatus, prod=Done(AutoCTI,CEUserone,CEUsertwo), qa=Done(AutoCTI,CEUserone,CEUsertwo), Run=No, TestScenario=TC_Inbound_Admin_Call_Log_Transfer_BRB_Custom_Message, uat=Done(AutoCTI,CEUserone,CEUsertwo)}]]>
              </value>
            </param>
            <param index="1">
              <value>
                <![CDATA[org.testng.TestRunner@4078695f]]>
              </value>
            </param>
          </params>
          <reporter-output>
          </reporter-output>
        </test-method> <!-- RUNALL -->
        <test-method signature="RUNALL(java.util.Map,org.testng.ITestContext)[pri:0, instance:com.test.AllScenarios_EG_TC@306cf3ea]" started-at="2025-02-27T13:53:22 IST" name="RUNALL" data-provider="TestData" finished-at="2025-02-27T13:53:22 IST" duration-ms="1" status="PASS">
          <params>
            <param index="0">
              <value>
                <![CDATA[{=Call Sequence, Pre-conditions=User should have access for Dashoard for BMW, prod=Done(AutoCTI,CEUserone,CEUsertwo), qa=Done(AutoCTI,CEUserone,CEUsertwo), Run=No, TestScenario=TC_Outbound_Call_Barge_Monitor_Whisper, uat=Done(AutoCTI,CEUserone,CEUsertwo)}]]>
              </value>
            </param>
            <param index="1">
              <value>
                <![CDATA[org.testng.TestRunner@4078695f]]>
              </value>
            </param>
          </params>
          <reporter-output>
          </reporter-output>
        </test-method> <!-- RUNALL -->
        <test-method signature="RUNALL(java.util.Map,org.testng.ITestContext)[pri:0, instance:com.test.AllScenarios_EG_TC@306cf3ea]" started-at="2025-02-27T13:53:22 IST" name="RUNALL" data-provider="TestData" finished-at="2025-02-27T13:53:22 IST" duration-ms="1" status="PASS">
          <params>
            <param index="0">
              <value>
                <![CDATA[{=Call Sequence, Pre-conditions=, prod=Done(AutoCTI,CEUserone,CEUsertwo), qa=Done(AutoCTI,CEUserone,CEUsertwo), Run=No, TestScenario=TC_Oubtbound_Admin_Call_Log_Transfer_Online_Offline, uat=Done(AutoCTI,CEUserone,CEUsertwo)}]]>
              </value>
            </param>
            <param index="1">
              <value>
                <![CDATA[org.testng.TestRunner@4078695f]]>
              </value>
            </param>
          </params>
          <reporter-output>
          </reporter-output>
        </test-method> <!-- RUNALL -->
        <test-method signature="RUNALL(java.util.Map,org.testng.ITestContext)[pri:0, instance:com.test.AllScenarios_EG_TC@306cf3ea]" started-at="2025-02-27T13:53:22 IST" name="RUNALL" data-provider="TestData" finished-at="2025-02-27T13:53:22 IST" duration-ms="1" status="PASS">
          <params>
            <param index="0">
              <value>
                <![CDATA[{=Call Sequence, Pre-conditions=, prod=Done(AutoCTI,CEUserone,CEUsertwo), qa=Done(AutoCTI,CEUserone,CEUsertwo), Run=No, TestScenario=TC_Oubtbound_Admin_Call_Log_Transfer_BRB_Custom, uat=Done(AutoCTI,CEUserone,CEUsertwo)}]]>
              </value>
            </param>
            <param index="1">
              <value>
                <![CDATA[org.testng.TestRunner@4078695f]]>
              </value>
            </param>
          </params>
          <reporter-output>
          </reporter-output>
        </test-method> <!-- RUNALL -->
        <test-method signature="RUNALL(java.util.Map,org.testng.ITestContext)[pri:0, instance:com.test.AllScenarios_EG_TC@306cf3ea]" started-at="2025-02-27T13:53:22 IST" name="RUNALL" data-provider="TestData" finished-at="2025-02-27T13:53:22 IST" duration-ms="1" status="PASS">
          <params>
            <param index="0">
              <value>
                <![CDATA[{=Call Sequence, Pre-conditions=User must have call group added earlier, prod=Done(AutoCTI,CEUsertwo,CEUsertwo), qa=Done(AutoCTI,CEUsertwo,CEUsertwo), Run=No, TestScenario=TC_CTI_BC_Barge_Monitor_Whisper, uat=Done(AutoCTI,CEUsertwo,CEUsertwo)}]]>
              </value>
            </param>
            <param index="1">
              <value>
                <![CDATA[org.testng.TestRunner@4078695f]]>
              </value>
            </param>
          </params>
          <reporter-output>
          </reporter-output>
        </test-method> <!-- RUNALL -->
        <test-method signature="RUNALL(java.util.Map,org.testng.ITestContext)[pri:0, instance:com.test.AllScenarios_EG_TC@306cf3ea]" started-at="2025-02-27T13:53:22 IST" name="RUNALL" data-provider="TestData" finished-at="2025-02-27T13:53:22 IST" duration-ms="1" status="PASS">
          <params>
            <param index="0">
              <value>
                <![CDATA[{=Call Sequence, Pre-conditions=User must have call group added earlier, prod=Done(AutoCTI,CEUsertwo,CEUsertwo), qa=, Run=No, TestScenario=TC_CTI_BC_Transfer_To_Agent_Online_Activity_Status_Admin_call_logs_CTI_call_logs, uat=Done(AutoCTI,CEUsertwo,CEUsertwo)}]]>
              </value>
            </param>
            <param index="1">
              <value>
                <![CDATA[org.testng.TestRunner@4078695f]]>
              </value>
            </param>
          </params>
          <reporter-output>
          </reporter-output>
        </test-method> <!-- RUNALL -->
        <test-method signature="RUNALL(java.util.Map,org.testng.ITestContext)[pri:0, instance:com.test.AllScenarios_EG_TC@306cf3ea]" started-at="2025-02-27T13:53:22 IST" name="RUNALL" data-provider="TestData" finished-at="2025-02-27T13:53:22 IST" duration-ms="0" status="PASS">
          <params>
            <param index="0">
              <value>
                <![CDATA[{=Call Sequence, Pre-conditions=User must have call group added earlier, prod=Done(AutoCTI,CEUsertwo,CEUsertwo), qa=Done(AutoCTI,CEUsertwo,CEUsertwo), Run=No, TestScenario=TC_CTI_RR_Barge_Monitor_Whisper, uat=Done(AutoCTI,CEUsertwo,CEUsertwo)}]]>
              </value>
            </param>
            <param index="1">
              <value>
                <![CDATA[org.testng.TestRunner@4078695f]]>
              </value>
            </param>
          </params>
          <reporter-output>
          </reporter-output>
        </test-method> <!-- RUNALL -->
        <test-method signature="RUNALL(java.util.Map,org.testng.ITestContext)[pri:0, instance:com.test.AllScenarios_EG_TC@306cf3ea]" started-at="2025-02-27T13:53:22 IST" name="RUNALL" data-provider="TestData" finished-at="2025-02-27T13:53:22 IST" duration-ms="1" status="PASS">
          <params>
            <param index="0">
              <value>
                <![CDATA[{=Call Sequence, Pre-conditions=User must have call group added earlier, prod=, qa=, Run=No, TestScenario=TC_CTI_BF_RL_Barge_Monitor_Whisper, uat=}]]>
              </value>
            </param>
            <param index="1">
              <value>
                <![CDATA[org.testng.TestRunner@4078695f]]>
              </value>
            </param>
          </params>
          <reporter-output>
          </reporter-output>
        </test-method> <!-- RUNALL -->
        <test-method signature="RUNALL(java.util.Map,org.testng.ITestContext)[pri:0, instance:com.test.AllScenarios_EG_TC@306cf3ea]" started-at="2025-02-27T13:53:22 IST" name="RUNALL" data-provider="TestData" finished-at="2025-02-27T13:53:22 IST" duration-ms="1" status="PASS">
          <params>
            <param index="0">
              <value>
                <![CDATA[{=, Pre-conditions=User must have call group added earlier, prod=, qa=, Run=No, TestScenario=TC_CTI_BF_RL_Transfer_To_Agent, uat=}]]>
              </value>
            </param>
            <param index="1">
              <value>
                <![CDATA[org.testng.TestRunner@4078695f]]>
              </value>
            </param>
          </params>
          <reporter-output>
          </reporter-output>
        </test-method> <!-- RUNALL -->
        <test-method signature="RUNALL(java.util.Map,org.testng.ITestContext)[pri:0, instance:com.test.AllScenarios_EG_TC@306cf3ea]" started-at="2025-02-27T13:53:22 IST" name="RUNALL" data-provider="TestData" finished-at="2025-02-27T13:53:22 IST" duration-ms="1" status="PASS">
          <params>
            <param index="0">
              <value>
                <![CDATA[{=Done(CTICEuserone,CTICEusertwo), Pre-conditions=, prod=, qa=Done(CTICEuserone,CTICEusertwo), Run=No, TestScenario=TC_CTI_AdminSMS_Call_Fax_Tab_Validation_SMS_MMS_Inbound_Outbound, uat=Done(CTICEuserone,CTICEusertwo)}]]>
              </value>
            </param>
            <param index="1">
              <value>
                <![CDATA[org.testng.TestRunner@4078695f]]>
              </value>
            </param>
          </params>
          <reporter-output>
          </reporter-output>
        </test-method> <!-- RUNALL -->
        <test-method signature="RUNALL(java.util.Map,org.testng.ITestContext)[pri:0, instance:com.test.AllScenarios_EG_TC@306cf3ea]" started-at="2025-02-27T13:53:22 IST" name="RUNALL" data-provider="TestData" finished-at="2025-02-27T13:53:22 IST" duration-ms="1" status="PASS">
          <params>
            <param index="0">
              <value>
                <![CDATA[{=Done(CTICEuserone,CTICEusertwo), Pre-conditions=, prod=, qa=Done(CTICEuserone,CTICEusertwo), Run=No, TestScenario=TC_CTI_SMS_MMS_Inbound_CTI_Logs_Status_SSE_notification_Status_Email_notifiation_Status, uat=Done(CTICEuserone,CTICEusertwo)}]]>
              </value>
            </param>
            <param index="1">
              <value>
                <![CDATA[org.testng.TestRunner@4078695f]]>
              </value>
            </param>
          </params>
          <reporter-output>
          </reporter-output>
        </test-method> <!-- RUNALL -->
        <test-method signature="RUNALL(java.util.Map,org.testng.ITestContext)[pri:0, instance:com.test.AllScenarios_EG_TC@306cf3ea]" started-at="2025-02-27T13:53:22 IST" name="RUNALL" data-provider="TestData" finished-at="2025-02-27T13:53:22 IST" duration-ms="0" status="PASS">
          <params>
            <param index="0">
              <value>
                <![CDATA[{=Fail, Pre-conditions=, prod=, qa=Done(CTICEuserone,CTICEusertwo), Run=No, TestScenario=TC_CTI_Voicemail_To_Agent, uat=Done(CTICEuserone,CTICEusertwo)}]]>
              </value>
            </param>
            <param index="1">
              <value>
                <![CDATA[org.testng.TestRunner@4078695f]]>
              </value>
            </param>
          </params>
          <reporter-output>
          </reporter-output>
        </test-method> <!-- RUNALL -->
        <test-method signature="RUNALL(java.util.Map,org.testng.ITestContext)[pri:0, instance:com.test.AllScenarios_EG_TC@306cf3ea]" started-at="2025-02-27T13:53:22 IST" name="RUNALL" data-provider="TestData" finished-at="2025-02-27T13:53:22 IST" duration-ms="1" status="PASS">
          <params>
            <param index="0">
              <value>
                <![CDATA[{=Done(CTICEuserone,CTICEusertwo), Pre-conditions=, prod=, qa=Done(CTICEuserone,CTICEusertwo), Run=No, TestScenario=TC_CTI_AdminSMS_Call_Fax_Tab_Validation_Missed_call_to_Agent, uat=Done(CTICEuserone,CTICEusertwo)}]]>
              </value>
            </param>
            <param index="1">
              <value>
                <![CDATA[org.testng.TestRunner@4078695f]]>
              </value>
            </param>
          </params>
          <reporter-output>
          </reporter-output>
        </test-method> <!-- RUNALL -->
        <test-method signature="RUNALL(java.util.Map,org.testng.ITestContext)[pri:0, instance:com.test.AllScenarios_EG_TC@306cf3ea]" started-at="2025-02-27T13:53:22 IST" name="RUNALL" data-provider="TestData" finished-at="2025-02-27T13:53:22 IST" duration-ms="1" status="PASS">
          <params>
            <param index="0">
              <value>
                <![CDATA[{=Done(CTICEuserone,CTICEusertwo), Pre-conditions=, prod=, qa=Done(CTICEuserone,CTICEusertwo), Run=No, TestScenario=TC_CE_010_CTI_Inbound_calls_forwarding_option, uat=Done(CTICEuserone,CTICEusertwo)}]]>
              </value>
            </param>
            <param index="1">
              <value>
                <![CDATA[org.testng.TestRunner@4078695f]]>
              </value>
            </param>
          </params>
          <reporter-output>
          </reporter-output>
        </test-method> <!-- RUNALL -->
        <test-method signature="RUNALL(java.util.Map,org.testng.ITestContext)[pri:0, instance:com.test.AllScenarios_EG_TC@306cf3ea]" started-at="2025-02-27T13:53:22 IST" name="RUNALL" data-provider="TestData" finished-at="2025-02-27T13:53:22 IST" duration-ms="1" status="PASS">
          <params>
            <param index="0">
              <value>
                <![CDATA[{=Done(CEuseroneCTI,CEusertwoCTI), Pre-conditions=CEusertwoCTI - New Lead Popup, prod=, qa=Done(CEuseroneCTI,CEusertwoCTI), Run=No, TestScenario=TC_CTI_CallDisposition_Validation_Mandatory_Fields, uat=Done(CEuseroneCTI,CEusertwoCTI)}]]>
              </value>
            </param>
            <param index="1">
              <value>
                <![CDATA[org.testng.TestRunner@4078695f]]>
              </value>
            </param>
          </params>
          <reporter-output>
          </reporter-output>
        </test-method> <!-- RUNALL -->
        <test-method signature="RUNALL(java.util.Map,org.testng.ITestContext)[pri:0, instance:com.test.AllScenarios_EG_TC@306cf3ea]" started-at="2025-02-27T13:53:22 IST" name="RUNALL" data-provider="TestData" finished-at="2025-02-27T13:53:22 IST" duration-ms="2" status="PASS">
          <params>
            <param index="0">
              <value>
                <![CDATA[{=Done(CEuseroneCTI,CEusertwoCTI), Pre-conditions=CEusertwoCTI - New Lead Popup, prod=, qa=Done(CEuseroneCTI,CEusertwoCTI), Run=No, TestScenario=TC_CTI_CallDisposition_Validation_Non_Mandatory_Fields, uat=Done(CEuseroneCTI,CEusertwoCTI)}]]>
              </value>
            </param>
            <param index="1">
              <value>
                <![CDATA[org.testng.TestRunner@4078695f]]>
              </value>
            </param>
          </params>
          <reporter-output>
          </reporter-output>
        </test-method> <!-- RUNALL -->
        <test-method signature="RUNALL(java.util.Map,org.testng.ITestContext)[pri:0, instance:com.test.AllScenarios_EG_TC@306cf3ea]" started-at="2025-02-27T13:53:22 IST" name="RUNALL" data-provider="TestData" finished-at="2025-02-27T13:53:22 IST" duration-ms="1" status="PASS">
          <params>
            <param index="0">
              <value>
                <![CDATA[{=Done(CEuseroneCTI,CEusertwoCTI), Pre-conditions=CEusertwoCTI - New Lead Popup, prod=, qa=Done(CEuseroneCTI,CEusertwoCTI), Run=No, TestScenario=TC_CTI_CallDisposition_Validation_Disposition_Dropdown, uat=Done(CEuseroneCTI,CEusertwoCTI)}]]>
              </value>
            </param>
            <param index="1">
              <value>
                <![CDATA[org.testng.TestRunner@4078695f]]>
              </value>
            </param>
          </params>
          <reporter-output>
          </reporter-output>
        </test-method> <!-- RUNALL -->
        <test-method signature="RUNALL(java.util.Map,org.testng.ITestContext)[pri:0, instance:com.test.AllScenarios_EG_TC@306cf3ea]" started-at="2025-02-27T13:53:22 IST" name="RUNALL" data-provider="TestData" finished-at="2025-02-27T13:58:34 IST" duration-ms="311909" status="PASS">
          <params>
            <param index="0">
              <value>
                <![CDATA[{=Done(CEuseroneCTI,CEusertwoCTI,CEuseroneCTI), Pre-conditions=CEusertwoCTI - New Lead Popup, prod=, qa=Done(CEuseroneCTI,CEusertwoCTI,CEuseroneCTI), Run=Yes, TestScenario=TC_CTI_CallDisposition_Validation_Inbound_Call_Transfer, uat=Done(CEuseroneCTI,CEusertwoCTI,CEuseroneCTI)}]]>
              </value>
            </param>
            <param index="1">
              <value>
                <![CDATA[org.testng.TestRunner@4078695f]]>
              </value>
            </param>
          </params>
          <reporter-output>
          </reporter-output>
        </test-method> <!-- RUNALL -->
        <test-method signature="RUNALL(java.util.Map,org.testng.ITestContext)[pri:0, instance:com.test.AllScenarios_EG_TC@306cf3ea]" started-at="2025-02-27T13:58:34 IST" name="RUNALL" data-provider="TestData" finished-at="2025-02-27T14:04:25 IST" duration-ms="351279" status="PASS">
          <params>
            <param index="0">
              <value>
                <![CDATA[{=Done(CEuseroneCTI,CEusertwoCTI,CEusertwoCTI), Pre-conditions=CEusertwoCTI - New Lead Popup, prod=, qa=Done(CEuseroneCTI,CEusertwoCTI,CEusertwoCTI), Run=Yes, TestScenario=TC_CTI_CallDisposition_Validation_Outbound_Call_Transfer, uat=Done(CEuseroneCTI,CEusertwoCTI,CEusertwoCTI)}]]>
              </value>
            </param>
            <param index="1">
              <value>
                <![CDATA[org.testng.TestRunner@4078695f]]>
              </value>
            </param>
          </params>
          <reporter-output>
          </reporter-output>
        </test-method> <!-- RUNALL -->
        <test-method signature="RUNALL(java.util.Map,org.testng.ITestContext)[pri:0, instance:com.test.AllScenarios_EG_TC@306cf3ea]" started-at="2025-02-27T14:04:25 IST" name="RUNALL" data-provider="TestData" finished-at="2025-02-27T14:04:25 IST" duration-ms="1" status="PASS">
          <params>
            <param index="0">
              <value>
                <![CDATA[{=, Pre-conditions=, prod=Done(AutoCTI,CEUsertwo,CEUsertwo), qa=Done(AutoCTI,CEUsertwo,CEUsertwo), Run=No, TestScenario=TC_CTI_CallScript_BrodCasting, uat=Done(AutoCTI,CEUsertwo,CEUsertwo)}]]>
              </value>
            </param>
            <param index="1">
              <value>
                <![CDATA[org.testng.TestRunner@4078695f]]>
              </value>
            </param>
          </params>
          <reporter-output>
          </reporter-output>
        </test-method> <!-- RUNALL -->
        <test-method signature="RUNALL(java.util.Map,org.testng.ITestContext)[pri:0, instance:com.test.AllScenarios_EG_TC@306cf3ea]" started-at="2025-02-27T14:04:25 IST" name="RUNALL" data-provider="TestData" finished-at="2025-02-27T14:04:25 IST" duration-ms="1" status="PASS">
          <params>
            <param index="0">
              <value>
                <![CDATA[{=, Pre-conditions=, prod=Done(AutoCTI,CEUsertwo,CEUsertwo), qa=Done(AutoCTI,CEUsertwo,CEUsertwo), Run=No, TestScenario=TC_CTI_CallScript_BestFit_RingLess, uat=Done(AutoCTI,CEUsertwo,CEUsertwo)}]]>
              </value>
            </param>
            <param index="1">
              <value>
                <![CDATA[org.testng.TestRunner@4078695f]]>
              </value>
            </param>
          </params>
          <reporter-output>
          </reporter-output>
        </test-method> <!-- RUNALL -->
        <test-method signature="RUNALL(java.util.Map,org.testng.ITestContext)[pri:0, instance:com.test.AllScenarios_EG_TC@306cf3ea]" started-at="2025-02-27T14:04:25 IST" name="RUNALL" data-provider="TestData" finished-at="2025-02-27T14:04:25 IST" duration-ms="1" status="PASS">
          <params>
            <param index="0">
              <value>
                <![CDATA[{=, Pre-conditions=, prod=, qa=, Run=No, TestScenario=TC_CTI_CallScript_RoundRobin, uat=}]]>
              </value>
            </param>
            <param index="1">
              <value>
                <![CDATA[org.testng.TestRunner@4078695f]]>
              </value>
            </param>
          </params>
          <reporter-output>
          </reporter-output>
        </test-method> <!-- RUNALL -->
        <test-method signature="RUNALL(java.util.Map,org.testng.ITestContext)[pri:0, instance:com.test.AllScenarios_EG_TC@306cf3ea]" started-at="2025-02-27T14:04:25 IST" name="RUNALL" data-provider="TestData" finished-at="2025-02-27T14:11:01 IST" duration-ms="395231" status="PASS">
          <params>
            <param index="0">
              <value>
                <![CDATA[{=, Pre-conditions=, prod=, qa=, Run=Yes, TestScenario=TC_CTI_CallScript_Assign_to_Agent, uat=}]]>
              </value>
            </param>
            <param index="1">
              <value>
                <![CDATA[org.testng.TestRunner@4078695f]]>
              </value>
            </param>
          </params>
          <reporter-output>
          </reporter-output>
        </test-method> <!-- RUNALL -->
        <test-method signature="RUNALL(java.util.Map,org.testng.ITestContext)[pri:0, instance:com.test.AllScenarios_EG_TC@306cf3ea]" started-at="2025-02-27T14:11:01 IST" name="RUNALL" data-provider="TestData" finished-at="2025-02-27T14:11:01 IST" duration-ms="1" status="PASS">
          <params>
            <param index="0">
              <value>
                <![CDATA[{=Done(CEUSERASIF_A_C_S2, CEUSERASIF_A_C_S and Third user CEUserUatAsifAlam2), Pre-conditions=, prod=, qa=Done(CEUserUatAsifAlam, CEUserUatAsifAlam2 and Third user CEUSERASIF_A_C_S), Run=No, TestScenario=TC_CTI_Conference_Online_Admin_CallLogs, uat=Doe(CEuserprodasif2 ,Ceuserprodasif and Third user CEUserUatAsifAlam2 )}]]>
              </value>
            </param>
            <param index="1">
              <value>
                <![CDATA[org.testng.TestRunner@4078695f]]>
              </value>
            </param>
          </params>
          <reporter-output>
          </reporter-output>
        </test-method> <!-- RUNALL -->
        <test-method signature="RUNALL(java.util.Map,org.testng.ITestContext)[pri:0, instance:com.test.AllScenarios_EG_TC@306cf3ea]" started-at="2025-02-27T14:11:01 IST" name="RUNALL" data-provider="TestData" finished-at="2025-02-27T14:11:01 IST" duration-ms="1" status="PASS">
          <params>
            <param index="0">
              <value>
                <![CDATA[{=Done(CEUSERASIF_A_C_S2, CEUSERASIF_A_C_S and Third user CEUserUatAsifAlam2), Pre-conditions=, prod=, qa=Done(CEUserUatAsifAlam, CEUserUatAsifAlam2 and Third user CEUSERASIF_A_C_S), Run=No, TestScenario=TC_CTI_Conference_BeRight_Back_Admin_CallLogs_CTI_Logs, uat=Doe(CEuserprodasif2 ,Ceuserprodasif and Third user CEUserUatAsifAlam2 )}]]>
              </value>
            </param>
            <param index="1">
              <value>
                <![CDATA[org.testng.TestRunner@4078695f]]>
              </value>
            </param>
          </params>
          <reporter-output>
          </reporter-output>
        </test-method> <!-- RUNALL -->
        <test-method signature="RUNALL(java.util.Map,org.testng.ITestContext)[pri:0, instance:com.test.AllScenarios_EG_TC@306cf3ea]" started-at="2025-02-27T14:11:01 IST" name="RUNALL" data-provider="TestData" finished-at="2025-02-27T14:11:01 IST" duration-ms="0" status="PASS">
          <params>
            <param index="0">
              <value>
                <![CDATA[{=Done(CEUSERASIF_A_C_S2, CEUSERASIF_A_C_S and Third user CEUserUatAsifAlam2), Pre-conditions=, prod=, qa=Done(CEUserUatAsifAlam, CEUserUatAsifAlam2 and Third user CEUSERASIF_A_C_S), Run=No, TestScenario=TC_CTI_Conference_Custome_Admin_CallLogs, uat=Doe(CEuserprodasif2 ,Ceuserprodasif and Third user CEUserUatAsifAlam2 )}]]>
              </value>
            </param>
            <param index="1">
              <value>
                <![CDATA[org.testng.TestRunner@4078695f]]>
              </value>
            </param>
          </params>
          <reporter-output>
          </reporter-output>
        </test-method> <!-- RUNALL -->
        <test-method signature="RUNALL(java.util.Map,org.testng.ITestContext)[pri:0, instance:com.test.AllScenarios_EG_TC@306cf3ea]" started-at="2025-02-27T14:11:01 IST" name="RUNALL" data-provider="TestData" finished-at="2025-02-27T14:11:01 IST" duration-ms="0" status="PASS">
          <params>
            <param index="0">
              <value>
                <![CDATA[{=Done(CEUSERASIF_A_C_S2, CEUSERASIF_A_C_S and Third user CEUserUatAsifAlam2), Pre-conditions=, prod=, qa=Done(CEUserUatAsifAlam, CEUserUatAsifAlam2 and Third user CEUSERASIF_A_C_S), Run=No, TestScenario=TC_CTI_Conference_Offline_Admin_CallLogs_CTI_Logs, uat=Doe(CEuserprodasif2 ,Ceuserprodasif and Third user CEUserUatAsifAlam2 )}]]>
              </value>
            </param>
            <param index="1">
              <value>
                <![CDATA[org.testng.TestRunner@4078695f]]>
              </value>
            </param>
          </params>
          <reporter-output>
          </reporter-output>
        </test-method> <!-- RUNALL -->
        <test-method signature="RUNALL(java.util.Map,org.testng.ITestContext)[pri:0, instance:com.test.AllScenarios_EG_TC@306cf3ea]" started-at="2025-02-27T14:11:01 IST" name="RUNALL" data-provider="TestData" finished-at="2025-02-27T14:11:01 IST" duration-ms="0" status="PASS">
          <params>
            <param index="0">
              <value>
                <![CDATA[{=Done(CEUSERASIF_A_C_S2, CEUSERASIF_A_C_S and Third user CEUserUatAsifAlam2), Pre-conditions=, prod=, qa=Done(CEUserUatAsifAlam, CEUserUatAsifAlam2 and Third user CEUSERASIF_A_C_S), Run=No, TestScenario=TC_CTI_BF_RL_Conference_To_Agent_Online_Activity_Status_Admin_call_logs_CTI_call_logs, uat=Doe(CEuserprodasif2 ,Ceuserprodasif and Third user CEUserUatAsifAlam2 )}]]>
              </value>
            </param>
            <param index="1">
              <value>
                <![CDATA[org.testng.TestRunner@4078695f]]>
              </value>
            </param>
          </params>
          <reporter-output>
          </reporter-output>
        </test-method> <!-- RUNALL -->
        <test-method signature="RUNALL(java.util.Map,org.testng.ITestContext)[pri:0, instance:com.test.AllScenarios_EG_TC@306cf3ea]" started-at="2025-02-27T14:11:01 IST" name="RUNALL" data-provider="TestData" finished-at="2025-02-27T14:11:01 IST" duration-ms="0" status="PASS">
          <params>
            <param index="0">
              <value>
                <![CDATA[{=Done(CEUSERASIF_A_C_S2, CEUSERASIF_A_C_S and Third user CEUserUatAsifAlam2), Pre-conditions=, prod=, qa=Done(CEUserUatAsifAlam, CEUserUatAsifAlam2 and Third user CEUSERASIF_A_C_S), Run=No, TestScenario=TC_CTI_BF_RG_Conference_To_Agent_Online_Activity_Status_Admin_call_logs_CTI_call_logs, uat=Doe(CEuserprodasif2 ,Ceuserprodasif and Third user CEUserUatAsifAlam2 )}]]>
              </value>
            </param>
            <param index="1">
              <value>
                <![CDATA[org.testng.TestRunner@4078695f]]>
              </value>
            </param>
          </params>
          <reporter-output>
          </reporter-output>
        </test-method> <!-- RUNALL -->
        <test-method signature="RUNALL(java.util.Map,org.testng.ITestContext)[pri:0, instance:com.test.AllScenarios_EG_TC@306cf3ea]" started-at="2025-02-27T14:11:01 IST" name="RUNALL" data-provider="TestData" finished-at="2025-02-27T14:11:01 IST" duration-ms="2" status="PASS">
          <params>
            <param index="0">
              <value>
                <![CDATA[{=Done(CEUSERASIF_A_C_S2, CEUSERASIF_A_C_S and Third user CEUserUatAsifAlam2), Pre-conditions=, prod=, qa=Done(CEUserUatAsifAlam, CEUserUatAsifAlam2 and Third user CEUSERASIF_A_C_S), Run=No, TestScenario=TC_CTI_Outbound_Conference_Offline_Admin_CallLogs_CTI_Logs, uat=Doe(CEuserprodasif2 ,Ceuserprodasif and Third user CEUserUatAsifAlam2 )}]]>
              </value>
            </param>
            <param index="1">
              <value>
                <![CDATA[org.testng.TestRunner@4078695f]]>
              </value>
            </param>
          </params>
          <reporter-output>
          </reporter-output>
        </test-method> <!-- RUNALL -->
        <test-method signature="RUNALL(java.util.Map,org.testng.ITestContext)[pri:0, instance:com.test.AllScenarios_EG_TC@306cf3ea]" started-at="2025-02-27T14:11:01 IST" name="RUNALL" data-provider="TestData" finished-at="2025-02-27T14:11:01 IST" duration-ms="0" status="PASS">
          <params>
            <param index="0">
              <value>
                <![CDATA[{=Done(CEUSERASIF_A_C_S2, CEUSERASIF_A_C_S and Third user CEUserUatAsifAlam2), Pre-conditions=, prod=, qa=Done(CEUserUatAsifAlam, CEUserUatAsifAlam2 and Third user CEUSERASIF_A_C_S), Run=No, TestScenario=TC_CTI_Outbound_Conference_Custom_Status, uat=Doe(CEuserprodasif2 ,Ceuserprodasif and Third user CEUserUatAsifAlam2 )}]]>
              </value>
            </param>
            <param index="1">
              <value>
                <![CDATA[org.testng.TestRunner@4078695f]]>
              </value>
            </param>
          </params>
          <reporter-output>
          </reporter-output>
        </test-method> <!-- RUNALL -->
        <test-method signature="RUNALL(java.util.Map,org.testng.ITestContext)[pri:0, instance:com.test.AllScenarios_EG_TC@306cf3ea]" started-at="2025-02-27T14:11:01 IST" name="RUNALL" data-provider="TestData" finished-at="2025-02-27T14:11:01 IST" duration-ms="1" status="PASS">
          <params>
            <param index="0">
              <value>
                <![CDATA[{=Done(CEUSERASIF_A_C_S2, CEUSERASIF_A_C_S and Third user CEUserUatAsifAlam2), Pre-conditions=, prod=, qa=Done(CEUserUatAsifAlam, CEUserUatAsifAlam2 and Third user CEUSERASIF_A_C_S), Run=No, TestScenario=TC_CTI_Outbound_Conference, uat=Doe(CEuserprodasif2 ,Ceuserprodasif and Third user CEUserUatAsifAlam2 )}]]>
              </value>
            </param>
            <param index="1">
              <value>
                <![CDATA[org.testng.TestRunner@4078695f]]>
              </value>
            </param>
          </params>
          <reporter-output>
          </reporter-output>
        </test-method> <!-- RUNALL -->
        <test-method signature="RUNALL(java.util.Map,org.testng.ITestContext)[pri:0, instance:com.test.AllScenarios_EG_TC@306cf3ea]" started-at="2025-02-27T14:11:01 IST" name="RUNALL" data-provider="TestData" finished-at="2025-02-27T14:11:01 IST" duration-ms="1" status="PASS">
          <params>
            <param index="0">
              <value>
                <![CDATA[{=Done(CEUSERASIF_A_C_S2, CEUSERASIF_A_C_S and Third user CEUserUatAsifAlam2), Pre-conditions=, prod=, qa=Done(CEUserUatAsifAlam, CEUserUatAsifAlam2 and Third user CEUSERASIF_A_C_S), Run=No, TestScenario=TC_CTI_Outbound_Conference_BeRight_Back_Admin_CallLogs_CTI_Logs, uat=Doe(CEuserprodasif2 ,Ceuserprodasif and Third user CEUserUatAsifAlam2 )}]]>
              </value>
            </param>
            <param index="1">
              <value>
                <![CDATA[org.testng.TestRunner@4078695f]]>
              </value>
            </param>
          </params>
          <reporter-output>
          </reporter-output>
        </test-method> <!-- RUNALL -->
        <test-method signature="RUNALL(java.util.Map,org.testng.ITestContext)[pri:0, instance:com.test.AllScenarios_EG_TC@306cf3ea]" started-at="2025-02-27T14:11:01 IST" name="RUNALL" data-provider="TestData" finished-at="2025-02-27T14:11:01 IST" duration-ms="0" status="PASS">
          <params>
            <param index="0">
              <value>
                <![CDATA[{=, Pre-conditions=, prod=, qa=, Run=, TestScenario=, uat=}]]>
              </value>
            </param>
            <param index="1">
              <value>
                <![CDATA[org.testng.TestRunner@4078695f]]>
              </value>
            </param>
          </params>
          <reporter-output>
          </reporter-output>
        </test-method> <!-- RUNALL -->
        <test-method signature="RUNALL(java.util.Map,org.testng.ITestContext)[pri:0, instance:com.test.AllScenarios_EG_TC@306cf3ea]" started-at="2025-02-27T14:11:01 IST" name="RUNALL" data-provider="TestData" finished-at="2025-02-27T14:11:01 IST" duration-ms="0" status="PASS">
          <params>
            <param index="0">
              <value>
                <![CDATA[{=, Pre-conditions=, prod=, qa=, Run=, TestScenario=, uat=}]]>
              </value>
            </param>
            <param index="1">
              <value>
                <![CDATA[org.testng.TestRunner@4078695f]]>
              </value>
            </param>
          </params>
          <reporter-output>
          </reporter-output>
        </test-method> <!-- RUNALL -->
        <test-method signature="RUNALL(java.util.Map,org.testng.ITestContext)[pri:0, instance:com.test.AllScenarios_EG_TC@306cf3ea]" started-at="2025-02-27T14:11:01 IST" name="RUNALL" data-provider="TestData" finished-at="2025-02-27T14:11:01 IST" duration-ms="0" status="PASS">
          <params>
            <param index="0">
              <value>
                <![CDATA[{=, Pre-conditions=, prod=, qa=, Run=, TestScenario=, uat=}]]>
              </value>
            </param>
            <param index="1">
              <value>
                <![CDATA[org.testng.TestRunner@4078695f]]>
              </value>
            </param>
          </params>
          <reporter-output>
          </reporter-output>
        </test-method> <!-- RUNALL -->
        <test-method signature="RUNALL(java.util.Map,org.testng.ITestContext)[pri:0, instance:com.test.AllScenarios_EG_TC@306cf3ea]" started-at="2025-02-27T14:11:01 IST" name="RUNALL" data-provider="TestData" finished-at="2025-02-27T14:11:01 IST" duration-ms="1" status="PASS">
          <params>
            <param index="0">
              <value>
                <![CDATA[{=, Pre-conditions=, prod=, qa=, Run=, TestScenario=, uat=}]]>
              </value>
            </param>
            <param index="1">
              <value>
                <![CDATA[org.testng.TestRunner@4078695f]]>
              </value>
            </param>
          </params>
          <reporter-output>
          </reporter-output>
        </test-method> <!-- RUNALL -->
        <test-method signature="RUNALL(java.util.Map,org.testng.ITestContext)[pri:0, instance:com.test.AllScenarios_EG_TC@306cf3ea]" started-at="2025-02-27T14:11:01 IST" name="RUNALL" data-provider="TestData" finished-at="2025-02-27T14:11:01 IST" duration-ms="0" status="PASS">
          <params>
            <param index="0">
              <value>
                <![CDATA[{=, Pre-conditions=, prod=, qa=, Run=, TestScenario=, uat=}]]>
              </value>
            </param>
            <param index="1">
              <value>
                <![CDATA[org.testng.TestRunner@4078695f]]>
              </value>
            </param>
          </params>
          <reporter-output>
          </reporter-output>
        </test-method> <!-- RUNALL -->
        <test-method signature="RUNALL(java.util.Map,org.testng.ITestContext)[pri:0, instance:com.test.AllScenarios_EG_TC@306cf3ea]" started-at="2025-02-27T14:11:01 IST" name="RUNALL" data-provider="TestData" finished-at="2025-02-27T14:11:01 IST" duration-ms="0" status="PASS">
          <params>
            <param index="0">
              <value>
                <![CDATA[{=, Pre-conditions=, prod=, qa=, Run=, TestScenario=, uat=}]]>
              </value>
            </param>
            <param index="1">
              <value>
                <![CDATA[org.testng.TestRunner@4078695f]]>
              </value>
            </param>
          </params>
          <reporter-output>
          </reporter-output>
        </test-method> <!-- RUNALL -->
        <test-method signature="RUNALL(java.util.Map,org.testng.ITestContext)[pri:0, instance:com.test.AllScenarios_EG_TC@306cf3ea]" started-at="2025-02-27T14:11:01 IST" name="RUNALL" data-provider="TestData" finished-at="2025-02-27T14:11:01 IST" duration-ms="0" status="PASS">
          <params>
            <param index="0">
              <value>
                <![CDATA[{=, Pre-conditions=, prod=, qa=, Run=, TestScenario=, uat=}]]>
              </value>
            </param>
            <param index="1">
              <value>
                <![CDATA[org.testng.TestRunner@4078695f]]>
              </value>
            </param>
          </params>
          <reporter-output>
          </reporter-output>
        </test-method> <!-- RUNALL -->
        <test-method signature="RUNALL(java.util.Map,org.testng.ITestContext)[pri:0, instance:com.test.AllScenarios_EG_TC@306cf3ea]" started-at="2025-02-27T14:11:01 IST" name="RUNALL" data-provider="TestData" finished-at="2025-02-27T14:11:01 IST" duration-ms="0" status="PASS">
          <params>
            <param index="0">
              <value>
                <![CDATA[{=, Pre-conditions=, prod=, qa=, Run=, TestScenario=, uat=}]]>
              </value>
            </param>
            <param index="1">
              <value>
                <![CDATA[org.testng.TestRunner@4078695f]]>
              </value>
            </param>
          </params>
          <reporter-output>
          </reporter-output>
        </test-method> <!-- RUNALL -->
        <test-method signature="RUNALL(java.util.Map,org.testng.ITestContext)[pri:0, instance:com.test.AllScenarios_EG_TC@306cf3ea]" started-at="2025-02-27T14:11:01 IST" name="RUNALL" data-provider="TestData" finished-at="2025-02-27T14:11:01 IST" duration-ms="1" status="PASS">
          <params>
            <param index="0">
              <value>
                <![CDATA[{=, Pre-conditions=, prod=, qa=, Run=, TestScenario=, uat=}]]>
              </value>
            </param>
            <param index="1">
              <value>
                <![CDATA[org.testng.TestRunner@4078695f]]>
              </value>
            </param>
          </params>
          <reporter-output>
          </reporter-output>
        </test-method> <!-- RUNALL -->
        <test-method signature="RUNALL(java.util.Map,org.testng.ITestContext)[pri:0, instance:com.test.AllScenarios_EG_TC@306cf3ea]" started-at="2025-02-27T14:11:01 IST" name="RUNALL" data-provider="TestData" finished-at="2025-02-27T14:11:01 IST" duration-ms="0" status="PASS">
          <params>
            <param index="0">
              <value>
                <![CDATA[{=, Pre-conditions=, prod=, qa=, Run=, TestScenario=, uat=}]]>
              </value>
            </param>
            <param index="1">
              <value>
                <![CDATA[org.testng.TestRunner@4078695f]]>
              </value>
            </param>
          </params>
          <reporter-output>
          </reporter-output>
        </test-method> <!-- RUNALL -->
        <test-method signature="RUNALL(java.util.Map,org.testng.ITestContext)[pri:0, instance:com.test.AllScenarios_EG_TC@306cf3ea]" started-at="2025-02-27T14:11:01 IST" name="RUNALL" data-provider="TestData" finished-at="2025-02-27T14:11:01 IST" duration-ms="0" status="PASS">
          <params>
            <param index="0">
              <value>
                <![CDATA[{=, Pre-conditions=, prod=, qa=, Run=, TestScenario=, uat=}]]>
              </value>
            </param>
            <param index="1">
              <value>
                <![CDATA[org.testng.TestRunner@4078695f]]>
              </value>
            </param>
          </params>
          <reporter-output>
          </reporter-output>
        </test-method> <!-- RUNALL -->
        <test-method signature="RUNALL(java.util.Map,org.testng.ITestContext)[pri:0, instance:com.test.AllScenarios_EG_TC@306cf3ea]" started-at="2025-02-27T14:11:01 IST" name="RUNALL" data-provider="TestData" finished-at="2025-02-27T14:11:01 IST" duration-ms="0" status="PASS">
          <params>
            <param index="0">
              <value>
                <![CDATA[{=, Pre-conditions=, prod=, qa=, Run=, TestScenario=, uat=}]]>
              </value>
            </param>
            <param index="1">
              <value>
                <![CDATA[org.testng.TestRunner@4078695f]]>
              </value>
            </param>
          </params>
          <reporter-output>
          </reporter-output>
        </test-method> <!-- RUNALL -->
        <test-method signature="RUNALL(java.util.Map,org.testng.ITestContext)[pri:0, instance:com.test.AllScenarios_EG_TC@306cf3ea]" started-at="2025-02-27T14:11:01 IST" name="RUNALL" data-provider="TestData" finished-at="2025-02-27T14:11:01 IST" duration-ms="1" status="PASS">
          <params>
            <param index="0">
              <value>
                <![CDATA[{=, Pre-conditions=, prod=, qa=, Run=, TestScenario=, uat=}]]>
              </value>
            </param>
            <param index="1">
              <value>
                <![CDATA[org.testng.TestRunner@4078695f]]>
              </value>
            </param>
          </params>
          <reporter-output>
          </reporter-output>
        </test-method> <!-- RUNALL -->
        <test-method signature="RUNALL(java.util.Map,org.testng.ITestContext)[pri:0, instance:com.test.AllScenarios_EG_TC@306cf3ea]" started-at="2025-02-27T14:11:01 IST" name="RUNALL" data-provider="TestData" finished-at="2025-02-27T14:11:01 IST" duration-ms="1" status="PASS">
          <params>
            <param index="0">
              <value>
                <![CDATA[{=, Pre-conditions=, prod=, qa=, Run=, TestScenario=, uat=}]]>
              </value>
            </param>
            <param index="1">
              <value>
                <![CDATA[org.testng.TestRunner@4078695f]]>
              </value>
            </param>
          </params>
          <reporter-output>
          </reporter-output>
        </test-method> <!-- RUNALL -->
        <test-method signature="RUNALL(java.util.Map,org.testng.ITestContext)[pri:0, instance:com.test.AllScenarios_EG_TC@306cf3ea]" started-at="2025-02-27T14:11:01 IST" name="RUNALL" data-provider="TestData" finished-at="2025-02-27T14:11:01 IST" duration-ms="0" status="PASS">
          <params>
            <param index="0">
              <value>
                <![CDATA[{=, Pre-conditions=, prod=, qa=, Run=, TestScenario=, uat=}]]>
              </value>
            </param>
            <param index="1">
              <value>
                <![CDATA[org.testng.TestRunner@4078695f]]>
              </value>
            </param>
          </params>
          <reporter-output>
          </reporter-output>
        </test-method> <!-- RUNALL -->
        <test-method signature="RUNALL(java.util.Map,org.testng.ITestContext)[pri:0, instance:com.test.AllScenarios_EG_TC@306cf3ea]" started-at="2025-02-27T14:11:01 IST" name="RUNALL" data-provider="TestData" finished-at="2025-02-27T14:11:01 IST" duration-ms="0" status="PASS">
          <params>
            <param index="0">
              <value>
                <![CDATA[{=, Pre-conditions=, prod=, qa=, Run=, TestScenario=, uat=}]]>
              </value>
            </param>
            <param index="1">
              <value>
                <![CDATA[org.testng.TestRunner@4078695f]]>
              </value>
            </param>
          </params>
          <reporter-output>
          </reporter-output>
        </test-method> <!-- RUNALL -->
        <test-method signature="RUNALL(java.util.Map,org.testng.ITestContext)[pri:0, instance:com.test.AllScenarios_EG_TC@306cf3ea]" started-at="2025-02-27T14:11:01 IST" name="RUNALL" data-provider="TestData" finished-at="2025-02-27T14:11:01 IST" duration-ms="0" status="PASS">
          <params>
            <param index="0">
              <value>
                <![CDATA[{=, Pre-conditions=, prod=, qa=, Run=, TestScenario=, uat=}]]>
              </value>
            </param>
            <param index="1">
              <value>
                <![CDATA[org.testng.TestRunner@4078695f]]>
              </value>
            </param>
          </params>
          <reporter-output>
          </reporter-output>
        </test-method> <!-- RUNALL -->
        <test-method signature="RUNALL(java.util.Map,org.testng.ITestContext)[pri:0, instance:com.test.AllScenarios_EG_TC@306cf3ea]" started-at="2025-02-27T14:11:01 IST" name="RUNALL" data-provider="TestData" finished-at="2025-02-27T14:11:01 IST" duration-ms="1" status="PASS">
          <params>
            <param index="0">
              <value>
                <![CDATA[{=, Pre-conditions=, prod=, qa=, Run=, TestScenario=, uat=}]]>
              </value>
            </param>
            <param index="1">
              <value>
                <![CDATA[org.testng.TestRunner@4078695f]]>
              </value>
            </param>
          </params>
          <reporter-output>
          </reporter-output>
        </test-method> <!-- RUNALL -->
        <test-method signature="RUNALL(java.util.Map,org.testng.ITestContext)[pri:0, instance:com.test.AllScenarios_EG_TC@306cf3ea]" started-at="2025-02-27T14:11:01 IST" name="RUNALL" data-provider="TestData" finished-at="2025-02-27T14:11:01 IST" duration-ms="2" status="PASS">
          <params>
            <param index="0">
              <value>
                <![CDATA[{=, Pre-conditions=, prod=, qa=, Run=, TestScenario=, uat=}]]>
              </value>
            </param>
            <param index="1">
              <value>
                <![CDATA[org.testng.TestRunner@4078695f]]>
              </value>
            </param>
          </params>
          <reporter-output>
          </reporter-output>
        </test-method> <!-- RUNALL -->
        <test-method signature="RUNALL(java.util.Map,org.testng.ITestContext)[pri:0, instance:com.test.AllScenarios_EG_TC@306cf3ea]" started-at="2025-02-27T14:11:01 IST" name="RUNALL" data-provider="TestData" finished-at="2025-02-27T14:11:01 IST" duration-ms="1" status="PASS">
          <params>
            <param index="0">
              <value>
                <![CDATA[{=, Pre-conditions=, prod=, qa=, Run=, TestScenario=, uat=}]]>
              </value>
            </param>
            <param index="1">
              <value>
                <![CDATA[org.testng.TestRunner@4078695f]]>
              </value>
            </param>
          </params>
          <reporter-output>
          </reporter-output>
        </test-method> <!-- RUNALL -->
        <test-method signature="RUNALL(java.util.Map,org.testng.ITestContext)[pri:0, instance:com.test.AllScenarios_EG_TC@306cf3ea]" started-at="2025-02-27T14:11:01 IST" name="RUNALL" data-provider="TestData" finished-at="2025-02-27T14:11:01 IST" duration-ms="1" status="PASS">
          <params>
            <param index="0">
              <value>
                <![CDATA[{=, Pre-conditions=, prod=, qa=, Run=, TestScenario=, uat=}]]>
              </value>
            </param>
            <param index="1">
              <value>
                <![CDATA[org.testng.TestRunner@4078695f]]>
              </value>
            </param>
          </params>
          <reporter-output>
          </reporter-output>
        </test-method> <!-- RUNALL -->
        <test-method signature="RUNALL(java.util.Map,org.testng.ITestContext)[pri:0, instance:com.test.AllScenarios_EG_TC@306cf3ea]" started-at="2025-02-27T14:11:01 IST" name="RUNALL" data-provider="TestData" finished-at="2025-02-27T14:11:01 IST" duration-ms="0" status="PASS">
          <params>
            <param index="0">
              <value>
                <![CDATA[{=, Pre-conditions=, prod=, qa=, Run=, TestScenario=, uat=}]]>
              </value>
            </param>
            <param index="1">
              <value>
                <![CDATA[org.testng.TestRunner@4078695f]]>
              </value>
            </param>
          </params>
          <reporter-output>
          </reporter-output>
        </test-method> <!-- RUNALL -->
        <test-method signature="RUNALL(java.util.Map,org.testng.ITestContext)[pri:0, instance:com.test.AllScenarios_EG_TC@306cf3ea]" started-at="2025-02-27T14:11:01 IST" name="RUNALL" data-provider="TestData" finished-at="2025-02-27T14:11:01 IST" duration-ms="1" status="PASS">
          <params>
            <param index="0">
              <value>
                <![CDATA[{=, Pre-conditions=, prod=, qa=, Run=, TestScenario=, uat=}]]>
              </value>
            </param>
            <param index="1">
              <value>
                <![CDATA[org.testng.TestRunner@4078695f]]>
              </value>
            </param>
          </params>
          <reporter-output>
          </reporter-output>
        </test-method> <!-- RUNALL -->
        <test-method signature="RUNALL(java.util.Map,org.testng.ITestContext)[pri:0, instance:com.test.AllScenarios_EG_TC@306cf3ea]" started-at="2025-02-27T14:11:01 IST" name="RUNALL" data-provider="TestData" finished-at="2025-02-27T14:11:01 IST" duration-ms="1" status="PASS">
          <params>
            <param index="0">
              <value>
                <![CDATA[{=, Pre-conditions=, prod=, qa=, Run=, TestScenario=, uat=}]]>
              </value>
            </param>
            <param index="1">
              <value>
                <![CDATA[org.testng.TestRunner@4078695f]]>
              </value>
            </param>
          </params>
          <reporter-output>
          </reporter-output>
        </test-method> <!-- RUNALL -->
        <test-method signature="RUNALL(java.util.Map,org.testng.ITestContext)[pri:0, instance:com.test.AllScenarios_EG_TC@306cf3ea]" started-at="2025-02-27T14:11:01 IST" name="RUNALL" data-provider="TestData" finished-at="2025-02-27T14:11:01 IST" duration-ms="0" status="PASS">
          <params>
            <param index="0">
              <value>
                <![CDATA[{=, Pre-conditions=, prod=, qa=, Run=, TestScenario=, uat=}]]>
              </value>
            </param>
            <param index="1">
              <value>
                <![CDATA[org.testng.TestRunner@4078695f]]>
              </value>
            </param>
          </params>
          <reporter-output>
          </reporter-output>
        </test-method> <!-- RUNALL -->
        <test-method signature="RUNALL(java.util.Map,org.testng.ITestContext)[pri:0, instance:com.test.AllScenarios_EG_TC@306cf3ea]" started-at="2025-02-27T14:11:01 IST" name="RUNALL" data-provider="TestData" finished-at="2025-02-27T14:11:01 IST" duration-ms="1" status="PASS">
          <params>
            <param index="0">
              <value>
                <![CDATA[{=, Pre-conditions=, prod=, qa=, Run=, TestScenario=, uat=}]]>
              </value>
            </param>
            <param index="1">
              <value>
                <![CDATA[org.testng.TestRunner@4078695f]]>
              </value>
            </param>
          </params>
          <reporter-output>
          </reporter-output>
        </test-method> <!-- RUNALL -->
        <test-method signature="RUNALL(java.util.Map,org.testng.ITestContext)[pri:0, instance:com.test.AllScenarios_EG_TC@306cf3ea]" started-at="2025-02-27T14:11:01 IST" name="RUNALL" data-provider="TestData" finished-at="2025-02-27T14:11:01 IST" duration-ms="0" status="PASS">
          <params>
            <param index="0">
              <value>
                <![CDATA[{=, Pre-conditions=, prod=, qa=, Run=, TestScenario=, uat=}]]>
              </value>
            </param>
            <param index="1">
              <value>
                <![CDATA[org.testng.TestRunner@4078695f]]>
              </value>
            </param>
          </params>
          <reporter-output>
          </reporter-output>
        </test-method> <!-- RUNALL -->
        <test-method signature="RUNALL(java.util.Map,org.testng.ITestContext)[pri:0, instance:com.test.AllScenarios_EG_TC@306cf3ea]" started-at="2025-02-27T14:11:01 IST" name="RUNALL" data-provider="TestData" finished-at="2025-02-27T14:11:01 IST" duration-ms="1" status="PASS">
          <params>
            <param index="0">
              <value>
                <![CDATA[{=, Pre-conditions=, prod=, qa=, Run=, TestScenario=, uat=}]]>
              </value>
            </param>
            <param index="1">
              <value>
                <![CDATA[org.testng.TestRunner@4078695f]]>
              </value>
            </param>
          </params>
          <reporter-output>
          </reporter-output>
        </test-method> <!-- RUNALL -->
        <test-method signature="RUNALL(java.util.Map,org.testng.ITestContext)[pri:0, instance:com.test.AllScenarios_EG_TC@306cf3ea]" started-at="2025-02-27T14:11:01 IST" name="RUNALL" data-provider="TestData" finished-at="2025-02-27T14:11:01 IST" duration-ms="0" status="PASS">
          <params>
            <param index="0">
              <value>
                <![CDATA[{=, Pre-conditions=, prod=, qa=, Run=, TestScenario=, uat=}]]>
              </value>
            </param>
            <param index="1">
              <value>
                <![CDATA[org.testng.TestRunner@4078695f]]>
              </value>
            </param>
          </params>
          <reporter-output>
          </reporter-output>
        </test-method> <!-- RUNALL -->
        <test-method signature="RUNALL(java.util.Map,org.testng.ITestContext)[pri:0, instance:com.test.AllScenarios_EG_TC@306cf3ea]" started-at="2025-02-27T14:11:01 IST" name="RUNALL" data-provider="TestData" finished-at="2025-02-27T14:11:01 IST" duration-ms="1" status="PASS">
          <params>
            <param index="0">
              <value>
                <![CDATA[{=, Pre-conditions=, prod=, qa=, Run=, TestScenario=, uat=}]]>
              </value>
            </param>
            <param index="1">
              <value>
                <![CDATA[org.testng.TestRunner@4078695f]]>
              </value>
            </param>
          </params>
          <reporter-output>
          </reporter-output>
        </test-method> <!-- RUNALL -->
        <test-method signature="RUNALL(java.util.Map,org.testng.ITestContext)[pri:0, instance:com.test.AllScenarios_EG_TC@306cf3ea]" started-at="2025-02-27T14:11:01 IST" name="RUNALL" data-provider="TestData" finished-at="2025-02-27T14:11:01 IST" duration-ms="1" status="PASS">
          <params>
            <param index="0">
              <value>
                <![CDATA[{=, Pre-conditions=, prod=, qa=, Run=, TestScenario=, uat=}]]>
              </value>
            </param>
            <param index="1">
              <value>
                <![CDATA[org.testng.TestRunner@4078695f]]>
              </value>
            </param>
          </params>
          <reporter-output>
          </reporter-output>
        </test-method> <!-- RUNALL -->
        <test-method signature="RUNALL(java.util.Map,org.testng.ITestContext)[pri:0, instance:com.test.AllScenarios_EG_TC@306cf3ea]" started-at="2025-02-27T14:11:01 IST" name="RUNALL" data-provider="TestData" finished-at="2025-02-27T14:11:01 IST" duration-ms="0" status="PASS">
          <params>
            <param index="0">
              <value>
                <![CDATA[{=, Pre-conditions=, prod=, qa=, Run=, TestScenario=, uat=}]]>
              </value>
            </param>
            <param index="1">
              <value>
                <![CDATA[org.testng.TestRunner@4078695f]]>
              </value>
            </param>
          </params>
          <reporter-output>
          </reporter-output>
        </test-method> <!-- RUNALL -->
        <test-method signature="RUNALL(java.util.Map,org.testng.ITestContext)[pri:0, instance:com.test.AllScenarios_EG_TC@306cf3ea]" started-at="2025-02-27T14:11:01 IST" name="RUNALL" data-provider="TestData" finished-at="2025-02-27T14:11:01 IST" duration-ms="1" status="PASS">
          <params>
            <param index="0">
              <value>
                <![CDATA[{=, Pre-conditions=, prod=, qa=, Run=, TestScenario=, uat=}]]>
              </value>
            </param>
            <param index="1">
              <value>
                <![CDATA[org.testng.TestRunner@4078695f]]>
              </value>
            </param>
          </params>
          <reporter-output>
          </reporter-output>
        </test-method> <!-- RUNALL -->
        <test-method signature="RUNALL(java.util.Map,org.testng.ITestContext)[pri:0, instance:com.test.AllScenarios_EG_TC@306cf3ea]" started-at="2025-02-27T14:11:01 IST" name="RUNALL" data-provider="TestData" finished-at="2025-02-27T14:11:01 IST" duration-ms="1" status="PASS">
          <params>
            <param index="0">
              <value>
                <![CDATA[{=, Pre-conditions=, prod=, qa=, Run=, TestScenario=, uat=}]]>
              </value>
            </param>
            <param index="1">
              <value>
                <![CDATA[org.testng.TestRunner@4078695f]]>
              </value>
            </param>
          </params>
          <reporter-output>
          </reporter-output>
        </test-method> <!-- RUNALL -->
        <test-method signature="RUNALL(java.util.Map,org.testng.ITestContext)[pri:0, instance:com.test.AllScenarios_EG_TC@306cf3ea]" started-at="2025-02-27T14:11:01 IST" name="RUNALL" data-provider="TestData" finished-at="2025-02-27T14:11:01 IST" duration-ms="0" status="PASS">
          <params>
            <param index="0">
              <value>
                <![CDATA[{=, Pre-conditions=, prod=, qa=, Run=, TestScenario=, uat=}]]>
              </value>
            </param>
            <param index="1">
              <value>
                <![CDATA[org.testng.TestRunner@4078695f]]>
              </value>
            </param>
          </params>
          <reporter-output>
          </reporter-output>
        </test-method> <!-- RUNALL -->
        <test-method signature="RUNALL(java.util.Map,org.testng.ITestContext)[pri:0, instance:com.test.AllScenarios_EG_TC@306cf3ea]" started-at="2025-02-27T14:11:01 IST" name="RUNALL" data-provider="TestData" finished-at="2025-02-27T14:11:01 IST" duration-ms="0" status="PASS">
          <params>
            <param index="0">
              <value>
                <![CDATA[{=, Pre-conditions=, prod=, qa=, Run=, TestScenario=, uat=}]]>
              </value>
            </param>
            <param index="1">
              <value>
                <![CDATA[org.testng.TestRunner@4078695f]]>
              </value>
            </param>
          </params>
          <reporter-output>
          </reporter-output>
        </test-method> <!-- RUNALL -->
        <test-method signature="RUNALL(java.util.Map,org.testng.ITestContext)[pri:0, instance:com.test.AllScenarios_EG_TC@306cf3ea]" started-at="2025-02-27T14:11:01 IST" name="RUNALL" data-provider="TestData" finished-at="2025-02-27T14:11:01 IST" duration-ms="1" status="PASS">
          <params>
            <param index="0">
              <value>
                <![CDATA[{=, Pre-conditions=, prod=, qa=, Run=, TestScenario=, uat=}]]>
              </value>
            </param>
            <param index="1">
              <value>
                <![CDATA[org.testng.TestRunner@4078695f]]>
              </value>
            </param>
          </params>
          <reporter-output>
          </reporter-output>
        </test-method> <!-- RUNALL -->
        <test-method signature="RUNALL(java.util.Map,org.testng.ITestContext)[pri:0, instance:com.test.AllScenarios_EG_TC@306cf3ea]" started-at="2025-02-27T14:11:01 IST" name="RUNALL" data-provider="TestData" finished-at="2025-02-27T14:11:01 IST" duration-ms="1" status="PASS">
          <params>
            <param index="0">
              <value>
                <![CDATA[{=, Pre-conditions=, prod=, qa=, Run=, TestScenario=, uat=}]]>
              </value>
            </param>
            <param index="1">
              <value>
                <![CDATA[org.testng.TestRunner@4078695f]]>
              </value>
            </param>
          </params>
          <reporter-output>
          </reporter-output>
        </test-method> <!-- RUNALL -->
        <test-method signature="RUNALL(java.util.Map,org.testng.ITestContext)[pri:0, instance:com.test.AllScenarios_EG_TC@306cf3ea]" started-at="2025-02-27T14:11:01 IST" name="RUNALL" data-provider="TestData" finished-at="2025-02-27T14:11:01 IST" duration-ms="1" status="PASS">
          <params>
            <param index="0">
              <value>
                <![CDATA[{=, Pre-conditions=, prod=, qa=, Run=, TestScenario=, uat=}]]>
              </value>
            </param>
            <param index="1">
              <value>
                <![CDATA[org.testng.TestRunner@4078695f]]>
              </value>
            </param>
          </params>
          <reporter-output>
          </reporter-output>
        </test-method> <!-- RUNALL -->
        <test-method signature="RUNALL(java.util.Map,org.testng.ITestContext)[pri:0, instance:com.test.AllScenarios_EG_TC@306cf3ea]" started-at="2025-02-27T14:11:01 IST" name="RUNALL" data-provider="TestData" finished-at="2025-02-27T14:11:01 IST" duration-ms="1" status="PASS">
          <params>
            <param index="0">
              <value>
                <![CDATA[{=, Pre-conditions=, prod=, qa=, Run=, TestScenario=, uat=}]]>
              </value>
            </param>
            <param index="1">
              <value>
                <![CDATA[org.testng.TestRunner@4078695f]]>
              </value>
            </param>
          </params>
          <reporter-output>
          </reporter-output>
        </test-method> <!-- RUNALL -->
        <test-method signature="RUNALL(java.util.Map,org.testng.ITestContext)[pri:0, instance:com.test.AllScenarios_EG_TC@306cf3ea]" started-at="2025-02-27T14:11:01 IST" name="RUNALL" data-provider="TestData" finished-at="2025-02-27T14:11:01 IST" duration-ms="0" status="PASS">
          <params>
            <param index="0">
              <value>
                <![CDATA[{=, Pre-conditions=, prod=, qa=, Run=, TestScenario=, uat=}]]>
              </value>
            </param>
            <param index="1">
              <value>
                <![CDATA[org.testng.TestRunner@4078695f]]>
              </value>
            </param>
          </params>
          <reporter-output>
          </reporter-output>
        </test-method> <!-- RUNALL -->
        <test-method signature="RUNALL(java.util.Map,org.testng.ITestContext)[pri:0, instance:com.test.AllScenarios_EG_TC@306cf3ea]" started-at="2025-02-27T14:11:01 IST" name="RUNALL" data-provider="TestData" finished-at="2025-02-27T14:11:01 IST" duration-ms="0" status="PASS">
          <params>
            <param index="0">
              <value>
                <![CDATA[{=, Pre-conditions=, prod=, qa=, Run=, TestScenario=, uat=}]]>
              </value>
            </param>
            <param index="1">
              <value>
                <![CDATA[org.testng.TestRunner@4078695f]]>
              </value>
            </param>
          </params>
          <reporter-output>
          </reporter-output>
        </test-method> <!-- RUNALL -->
        <test-method signature="RUNALL(java.util.Map,org.testng.ITestContext)[pri:0, instance:com.test.AllScenarios_EG_TC@306cf3ea]" started-at="2025-02-27T14:11:01 IST" name="RUNALL" data-provider="TestData" finished-at="2025-02-27T14:11:01 IST" duration-ms="0" status="PASS">
          <params>
            <param index="0">
              <value>
                <![CDATA[{=, Pre-conditions=, prod=, qa=, Run=, TestScenario=, uat=}]]>
              </value>
            </param>
            <param index="1">
              <value>
                <![CDATA[org.testng.TestRunner@4078695f]]>
              </value>
            </param>
          </params>
          <reporter-output>
          </reporter-output>
        </test-method> <!-- RUNALL -->
        <test-method signature="RUNALL(java.util.Map,org.testng.ITestContext)[pri:0, instance:com.test.AllScenarios_EG_TC@306cf3ea]" started-at="2025-02-27T14:11:01 IST" name="RUNALL" data-provider="TestData" finished-at="2025-02-27T14:11:01 IST" duration-ms="1" status="PASS">
          <params>
            <param index="0">
              <value>
                <![CDATA[{=, Pre-conditions=, prod=, qa=, Run=, TestScenario=, uat=}]]>
              </value>
            </param>
            <param index="1">
              <value>
                <![CDATA[org.testng.TestRunner@4078695f]]>
              </value>
            </param>
          </params>
          <reporter-output>
          </reporter-output>
        </test-method> <!-- RUNALL -->
        <test-method signature="RUNALL(java.util.Map,org.testng.ITestContext)[pri:0, instance:com.test.AllScenarios_EG_TC@306cf3ea]" started-at="2025-02-27T14:11:01 IST" name="RUNALL" data-provider="TestData" finished-at="2025-02-27T14:11:01 IST" duration-ms="0" status="PASS">
          <params>
            <param index="0">
              <value>
                <![CDATA[{=, Pre-conditions=, prod=, qa=, Run=, TestScenario=, uat=}]]>
              </value>
            </param>
            <param index="1">
              <value>
                <![CDATA[org.testng.TestRunner@4078695f]]>
              </value>
            </param>
          </params>
          <reporter-output>
          </reporter-output>
        </test-method> <!-- RUNALL -->
        <test-method signature="RUNALL(java.util.Map,org.testng.ITestContext)[pri:0, instance:com.test.AllScenarios_EG_TC@306cf3ea]" started-at="2025-02-27T14:11:01 IST" name="RUNALL" data-provider="TestData" finished-at="2025-02-27T14:11:01 IST" duration-ms="1" status="PASS">
          <params>
            <param index="0">
              <value>
                <![CDATA[{=, Pre-conditions=, prod=, qa=, Run=, TestScenario=, uat=}]]>
              </value>
            </param>
            <param index="1">
              <value>
                <![CDATA[org.testng.TestRunner@4078695f]]>
              </value>
            </param>
          </params>
          <reporter-output>
          </reporter-output>
        </test-method> <!-- RUNALL -->
        <test-method signature="RUNALL(java.util.Map,org.testng.ITestContext)[pri:0, instance:com.test.AllScenarios_EG_TC@306cf3ea]" started-at="2025-02-27T14:11:01 IST" name="RUNALL" data-provider="TestData" finished-at="2025-02-27T14:11:01 IST" duration-ms="1" status="PASS">
          <params>
            <param index="0">
              <value>
                <![CDATA[{=, Pre-conditions=, prod=, qa=, Run=, TestScenario=, uat=}]]>
              </value>
            </param>
            <param index="1">
              <value>
                <![CDATA[org.testng.TestRunner@4078695f]]>
              </value>
            </param>
          </params>
          <reporter-output>
          </reporter-output>
        </test-method> <!-- RUNALL -->
        <test-method signature="RUNALL(java.util.Map,org.testng.ITestContext)[pri:0, instance:com.test.AllScenarios_EG_TC@306cf3ea]" started-at="2025-02-27T14:11:01 IST" name="RUNALL" data-provider="TestData" finished-at="2025-02-27T14:11:01 IST" duration-ms="0" status="PASS">
          <params>
            <param index="0">
              <value>
                <![CDATA[{=, Pre-conditions=, prod=, qa=, Run=, TestScenario=, uat=}]]>
              </value>
            </param>
            <param index="1">
              <value>
                <![CDATA[org.testng.TestRunner@4078695f]]>
              </value>
            </param>
          </params>
          <reporter-output>
          </reporter-output>
        </test-method> <!-- RUNALL -->
        <test-method signature="RUNALL(java.util.Map,org.testng.ITestContext)[pri:0, instance:com.test.AllScenarios_EG_TC@306cf3ea]" started-at="2025-02-27T14:11:01 IST" name="RUNALL" data-provider="TestData" finished-at="2025-02-27T14:11:01 IST" duration-ms="0" status="PASS">
          <params>
            <param index="0">
              <value>
                <![CDATA[{=, Pre-conditions=, prod=, qa=, Run=, TestScenario=, uat=}]]>
              </value>
            </param>
            <param index="1">
              <value>
                <![CDATA[org.testng.TestRunner@4078695f]]>
              </value>
            </param>
          </params>
          <reporter-output>
          </reporter-output>
        </test-method> <!-- RUNALL -->
        <test-method signature="RUNALL(java.util.Map,org.testng.ITestContext)[pri:0, instance:com.test.AllScenarios_EG_TC@306cf3ea]" started-at="2025-02-27T14:11:01 IST" name="RUNALL" data-provider="TestData" finished-at="2025-02-27T14:11:01 IST" duration-ms="0" status="PASS">
          <params>
            <param index="0">
              <value>
                <![CDATA[{=, Pre-conditions=, prod=, qa=, Run=, TestScenario=, uat=}]]>
              </value>
            </param>
            <param index="1">
              <value>
                <![CDATA[org.testng.TestRunner@4078695f]]>
              </value>
            </param>
          </params>
          <reporter-output>
          </reporter-output>
        </test-method> <!-- RUNALL -->
        <test-method signature="RUNALL(java.util.Map,org.testng.ITestContext)[pri:0, instance:com.test.AllScenarios_EG_TC@306cf3ea]" started-at="2025-02-27T14:11:01 IST" name="RUNALL" data-provider="TestData" finished-at="2025-02-27T14:11:01 IST" duration-ms="0" status="PASS">
          <params>
            <param index="0">
              <value>
                <![CDATA[{=, Pre-conditions=, prod=, qa=, Run=, TestScenario=, uat=}]]>
              </value>
            </param>
            <param index="1">
              <value>
                <![CDATA[org.testng.TestRunner@4078695f]]>
              </value>
            </param>
          </params>
          <reporter-output>
          </reporter-output>
        </test-method> <!-- RUNALL -->
        <test-method signature="RUNALL(java.util.Map,org.testng.ITestContext)[pri:0, instance:com.test.AllScenarios_EG_TC@306cf3ea]" started-at="2025-02-27T14:11:01 IST" name="RUNALL" data-provider="TestData" finished-at="2025-02-27T14:11:01 IST" duration-ms="0" status="PASS">
          <params>
            <param index="0">
              <value>
                <![CDATA[{=, Pre-conditions=, prod=, qa=, Run=, TestScenario=, uat=}]]>
              </value>
            </param>
            <param index="1">
              <value>
                <![CDATA[org.testng.TestRunner@4078695f]]>
              </value>
            </param>
          </params>
          <reporter-output>
          </reporter-output>
        </test-method> <!-- RUNALL -->
        <test-method signature="RUNALL(java.util.Map,org.testng.ITestContext)[pri:0, instance:com.test.AllScenarios_EG_TC@306cf3ea]" started-at="2025-02-27T14:11:01 IST" name="RUNALL" data-provider="TestData" finished-at="2025-02-27T14:11:01 IST" duration-ms="0" status="PASS">
          <params>
            <param index="0">
              <value>
                <![CDATA[{=, Pre-conditions=, prod=, qa=, Run=, TestScenario=, uat=}]]>
              </value>
            </param>
            <param index="1">
              <value>
                <![CDATA[org.testng.TestRunner@4078695f]]>
              </value>
            </param>
          </params>
          <reporter-output>
          </reporter-output>
        </test-method> <!-- RUNALL -->
        <test-method signature="RUNALL(java.util.Map,org.testng.ITestContext)[pri:0, instance:com.test.AllScenarios_EG_TC@306cf3ea]" started-at="2025-02-27T14:11:01 IST" name="RUNALL" data-provider="TestData" finished-at="2025-02-27T14:11:01 IST" duration-ms="1" status="PASS">
          <params>
            <param index="0">
              <value>
                <![CDATA[{=, Pre-conditions=, prod=, qa=, Run=, TestScenario=, uat=}]]>
              </value>
            </param>
            <param index="1">
              <value>
                <![CDATA[org.testng.TestRunner@4078695f]]>
              </value>
            </param>
          </params>
          <reporter-output>
          </reporter-output>
        </test-method> <!-- RUNALL -->
        <test-method signature="RUNALL(java.util.Map,org.testng.ITestContext)[pri:0, instance:com.test.AllScenarios_EG_TC@306cf3ea]" started-at="2025-02-27T14:11:01 IST" name="RUNALL" data-provider="TestData" finished-at="2025-02-27T14:11:01 IST" duration-ms="1" status="PASS">
          <params>
            <param index="0">
              <value>
                <![CDATA[{=, Pre-conditions=, prod=, qa=, Run=, TestScenario=, uat=}]]>
              </value>
            </param>
            <param index="1">
              <value>
                <![CDATA[org.testng.TestRunner@4078695f]]>
              </value>
            </param>
          </params>
          <reporter-output>
          </reporter-output>
        </test-method> <!-- RUNALL -->
        <test-method signature="RUNALL(java.util.Map,org.testng.ITestContext)[pri:0, instance:com.test.AllScenarios_EG_TC@306cf3ea]" started-at="2025-02-27T14:11:01 IST" name="RUNALL" data-provider="TestData" finished-at="2025-02-27T14:11:01 IST" duration-ms="0" status="PASS">
          <params>
            <param index="0">
              <value>
                <![CDATA[{=, Pre-conditions=, prod=, qa=, Run=, TestScenario=, uat=}]]>
              </value>
            </param>
            <param index="1">
              <value>
                <![CDATA[org.testng.TestRunner@4078695f]]>
              </value>
            </param>
          </params>
          <reporter-output>
          </reporter-output>
        </test-method> <!-- RUNALL -->
        <test-method signature="RUNALL(java.util.Map,org.testng.ITestContext)[pri:0, instance:com.test.AllScenarios_EG_TC@306cf3ea]" started-at="2025-02-27T14:11:01 IST" name="RUNALL" data-provider="TestData" finished-at="2025-02-27T14:11:01 IST" duration-ms="1" status="PASS">
          <params>
            <param index="0">
              <value>
                <![CDATA[{=, Pre-conditions=, prod=, qa=, Run=, TestScenario=, uat=}]]>
              </value>
            </param>
            <param index="1">
              <value>
                <![CDATA[org.testng.TestRunner@4078695f]]>
              </value>
            </param>
          </params>
          <reporter-output>
          </reporter-output>
        </test-method> <!-- RUNALL -->
        <test-method signature="RUNALL(java.util.Map,org.testng.ITestContext)[pri:0, instance:com.test.AllScenarios_EG_TC@306cf3ea]" started-at="2025-02-27T14:11:01 IST" name="RUNALL" data-provider="TestData" finished-at="2025-02-27T14:11:01 IST" duration-ms="0" status="PASS">
          <params>
            <param index="0">
              <value>
                <![CDATA[{=, Pre-conditions=, prod=, qa=, Run=, TestScenario=, uat=}]]>
              </value>
            </param>
            <param index="1">
              <value>
                <![CDATA[org.testng.TestRunner@4078695f]]>
              </value>
            </param>
          </params>
          <reporter-output>
          </reporter-output>
        </test-method> <!-- RUNALL -->
        <test-method signature="RUNALL(java.util.Map,org.testng.ITestContext)[pri:0, instance:com.test.AllScenarios_EG_TC@306cf3ea]" started-at="2025-02-27T14:11:01 IST" name="RUNALL" data-provider="TestData" finished-at="2025-02-27T14:11:01 IST" duration-ms="1" status="PASS">
          <params>
            <param index="0">
              <value>
                <![CDATA[{=, Pre-conditions=, prod=, qa=, Run=, TestScenario=, uat=}]]>
              </value>
            </param>
            <param index="1">
              <value>
                <![CDATA[org.testng.TestRunner@4078695f]]>
              </value>
            </param>
          </params>
          <reporter-output>
          </reporter-output>
        </test-method> <!-- RUNALL -->
        <test-method signature="RUNALL(java.util.Map,org.testng.ITestContext)[pri:0, instance:com.test.AllScenarios_EG_TC@306cf3ea]" started-at="2025-02-27T14:11:01 IST" name="RUNALL" data-provider="TestData" finished-at="2025-02-27T14:11:01 IST" duration-ms="1" status="PASS">
          <params>
            <param index="0">
              <value>
                <![CDATA[{=, Pre-conditions=, prod=, qa=, Run=, TestScenario=, uat=}]]>
              </value>
            </param>
            <param index="1">
              <value>
                <![CDATA[org.testng.TestRunner@4078695f]]>
              </value>
            </param>
          </params>
          <reporter-output>
          </reporter-output>
        </test-method> <!-- RUNALL -->
        <test-method signature="RUNALL(java.util.Map,org.testng.ITestContext)[pri:0, instance:com.test.AllScenarios_EG_TC@306cf3ea]" started-at="2025-02-27T14:11:01 IST" name="RUNALL" data-provider="TestData" finished-at="2025-02-27T14:11:01 IST" duration-ms="1" status="PASS">
          <params>
            <param index="0">
              <value>
                <![CDATA[{=, Pre-conditions=, prod=, qa=, Run=, TestScenario=, uat=}]]>
              </value>
            </param>
            <param index="1">
              <value>
                <![CDATA[org.testng.TestRunner@4078695f]]>
              </value>
            </param>
          </params>
          <reporter-output>
          </reporter-output>
        </test-method> <!-- RUNALL -->
        <test-method signature="RUNALL(java.util.Map,org.testng.ITestContext)[pri:0, instance:com.test.AllScenarios_EG_TC@306cf3ea]" started-at="2025-02-27T14:11:01 IST" name="RUNALL" data-provider="TestData" finished-at="2025-02-27T14:11:01 IST" duration-ms="0" status="PASS">
          <params>
            <param index="0">
              <value>
                <![CDATA[{=, Pre-conditions=, prod=, qa=, Run=, TestScenario=, uat=}]]>
              </value>
            </param>
            <param index="1">
              <value>
                <![CDATA[org.testng.TestRunner@4078695f]]>
              </value>
            </param>
          </params>
          <reporter-output>
          </reporter-output>
        </test-method> <!-- RUNALL -->
        <test-method signature="RUNALL(java.util.Map,org.testng.ITestContext)[pri:0, instance:com.test.AllScenarios_EG_TC@306cf3ea]" started-at="2025-02-27T14:11:01 IST" name="RUNALL" data-provider="TestData" finished-at="2025-02-27T14:11:01 IST" duration-ms="0" status="PASS">
          <params>
            <param index="0">
              <value>
                <![CDATA[{=, Pre-conditions=, prod=, qa=, Run=, TestScenario=, uat=}]]>
              </value>
            </param>
            <param index="1">
              <value>
                <![CDATA[org.testng.TestRunner@4078695f]]>
              </value>
            </param>
          </params>
          <reporter-output>
          </reporter-output>
        </test-method> <!-- RUNALL -->
        <test-method signature="RUNALL(java.util.Map,org.testng.ITestContext)[pri:0, instance:com.test.AllScenarios_EG_TC@306cf3ea]" started-at="2025-02-27T14:11:01 IST" name="RUNALL" data-provider="TestData" finished-at="2025-02-27T14:11:01 IST" duration-ms="0" status="PASS">
          <params>
            <param index="0">
              <value>
                <![CDATA[{=, Pre-conditions=, prod=, qa=, Run=, TestScenario=, uat=}]]>
              </value>
            </param>
            <param index="1">
              <value>
                <![CDATA[org.testng.TestRunner@4078695f]]>
              </value>
            </param>
          </params>
          <reporter-output>
          </reporter-output>
        </test-method> <!-- RUNALL -->
        <test-method signature="RUNALL(java.util.Map,org.testng.ITestContext)[pri:0, instance:com.test.AllScenarios_EG_TC@306cf3ea]" started-at="2025-02-27T14:11:01 IST" name="RUNALL" data-provider="TestData" finished-at="2025-02-27T14:11:01 IST" duration-ms="0" status="PASS">
          <params>
            <param index="0">
              <value>
                <![CDATA[{=, Pre-conditions=, prod=, qa=, Run=, TestScenario=, uat=}]]>
              </value>
            </param>
            <param index="1">
              <value>
                <![CDATA[org.testng.TestRunner@4078695f]]>
              </value>
            </param>
          </params>
          <reporter-output>
          </reporter-output>
        </test-method> <!-- RUNALL -->
        <test-method signature="RUNALL(java.util.Map,org.testng.ITestContext)[pri:0, instance:com.test.AllScenarios_EG_TC@306cf3ea]" started-at="2025-02-27T14:11:01 IST" name="RUNALL" data-provider="TestData" finished-at="2025-02-27T14:11:01 IST" duration-ms="0" status="PASS">
          <params>
            <param index="0">
              <value>
                <![CDATA[{=, Pre-conditions=, prod=, qa=, Run=, TestScenario=, uat=}]]>
              </value>
            </param>
            <param index="1">
              <value>
                <![CDATA[org.testng.TestRunner@4078695f]]>
              </value>
            </param>
          </params>
          <reporter-output>
          </reporter-output>
        </test-method> <!-- RUNALL -->
        <test-method signature="RUNALL(java.util.Map,org.testng.ITestContext)[pri:0, instance:com.test.AllScenarios_EG_TC@306cf3ea]" started-at="2025-02-27T14:11:01 IST" name="RUNALL" data-provider="TestData" finished-at="2025-02-27T14:11:01 IST" duration-ms="0" status="PASS">
          <params>
            <param index="0">
              <value>
                <![CDATA[{=, Pre-conditions=, prod=, qa=, Run=, TestScenario=, uat=}]]>
              </value>
            </param>
            <param index="1">
              <value>
                <![CDATA[org.testng.TestRunner@4078695f]]>
              </value>
            </param>
          </params>
          <reporter-output>
          </reporter-output>
        </test-method> <!-- RUNALL -->
        <test-method signature="RUNALL(java.util.Map,org.testng.ITestContext)[pri:0, instance:com.test.AllScenarios_EG_TC@306cf3ea]" started-at="2025-02-27T14:11:01 IST" name="RUNALL" data-provider="TestData" finished-at="2025-02-27T14:11:01 IST" duration-ms="0" status="PASS">
          <params>
            <param index="0">
              <value>
                <![CDATA[{=, Pre-conditions=, prod=, qa=, Run=, TestScenario=, uat=}]]>
              </value>
            </param>
            <param index="1">
              <value>
                <![CDATA[org.testng.TestRunner@4078695f]]>
              </value>
            </param>
          </params>
          <reporter-output>
          </reporter-output>
        </test-method> <!-- RUNALL -->
        <test-method signature="RUNALL(java.util.Map,org.testng.ITestContext)[pri:0, instance:com.test.AllScenarios_EG_TC@306cf3ea]" started-at="2025-02-27T14:11:01 IST" name="RUNALL" data-provider="TestData" finished-at="2025-02-27T14:11:01 IST" duration-ms="1" status="PASS">
          <params>
            <param index="0">
              <value>
                <![CDATA[{=, Pre-conditions=, prod=, qa=, Run=, TestScenario=, uat=}]]>
              </value>
            </param>
            <param index="1">
              <value>
                <![CDATA[org.testng.TestRunner@4078695f]]>
              </value>
            </param>
          </params>
          <reporter-output>
          </reporter-output>
        </test-method> <!-- RUNALL -->
        <test-method signature="RUNALL(java.util.Map,org.testng.ITestContext)[pri:0, instance:com.test.AllScenarios_EG_TC@306cf3ea]" started-at="2025-02-27T14:11:01 IST" name="RUNALL" data-provider="TestData" finished-at="2025-02-27T14:11:01 IST" duration-ms="0" status="PASS">
          <params>
            <param index="0">
              <value>
                <![CDATA[{=, Pre-conditions=, prod=, qa=, Run=, TestScenario=, uat=}]]>
              </value>
            </param>
            <param index="1">
              <value>
                <![CDATA[org.testng.TestRunner@4078695f]]>
              </value>
            </param>
          </params>
          <reporter-output>
          </reporter-output>
        </test-method> <!-- RUNALL -->
        <test-method signature="RUNALL(java.util.Map,org.testng.ITestContext)[pri:0, instance:com.test.AllScenarios_EG_TC@306cf3ea]" started-at="2025-02-27T14:11:01 IST" name="RUNALL" data-provider="TestData" finished-at="2025-02-27T14:11:01 IST" duration-ms="1" status="PASS">
          <params>
            <param index="0">
              <value>
                <![CDATA[{=, Pre-conditions=, prod=, qa=, Run=, TestScenario=, uat=}]]>
              </value>
            </param>
            <param index="1">
              <value>
                <![CDATA[org.testng.TestRunner@4078695f]]>
              </value>
            </param>
          </params>
          <reporter-output>
          </reporter-output>
        </test-method> <!-- RUNALL -->
        <test-method signature="RUNALL(java.util.Map,org.testng.ITestContext)[pri:0, instance:com.test.AllScenarios_EG_TC@306cf3ea]" started-at="2025-02-27T14:11:01 IST" name="RUNALL" data-provider="TestData" finished-at="2025-02-27T14:11:01 IST" duration-ms="1" status="PASS">
          <params>
            <param index="0">
              <value>
                <![CDATA[{=, Pre-conditions=, prod=, qa=, Run=, TestScenario=, uat=}]]>
              </value>
            </param>
            <param index="1">
              <value>
                <![CDATA[org.testng.TestRunner@4078695f]]>
              </value>
            </param>
          </params>
          <reporter-output>
          </reporter-output>
        </test-method> <!-- RUNALL -->
        <test-method signature="RUNALL(java.util.Map,org.testng.ITestContext)[pri:0, instance:com.test.AllScenarios_EG_TC@306cf3ea]" started-at="2025-02-27T14:11:01 IST" name="RUNALL" data-provider="TestData" finished-at="2025-02-27T14:11:01 IST" duration-ms="1" status="PASS">
          <params>
            <param index="0">
              <value>
                <![CDATA[{=, Pre-conditions=, prod=, qa=, Run=, TestScenario=, uat=}]]>
              </value>
            </param>
            <param index="1">
              <value>
                <![CDATA[org.testng.TestRunner@4078695f]]>
              </value>
            </param>
          </params>
          <reporter-output>
          </reporter-output>
        </test-method> <!-- RUNALL -->
        <test-method signature="RUNALL(java.util.Map,org.testng.ITestContext)[pri:0, instance:com.test.AllScenarios_EG_TC@306cf3ea]" started-at="2025-02-27T14:11:01 IST" name="RUNALL" data-provider="TestData" finished-at="2025-02-27T14:11:01 IST" duration-ms="1" status="PASS">
          <params>
            <param index="0">
              <value>
                <![CDATA[{=, Pre-conditions=, prod=, qa=, Run=, TestScenario=, uat=}]]>
              </value>
            </param>
            <param index="1">
              <value>
                <![CDATA[org.testng.TestRunner@4078695f]]>
              </value>
            </param>
          </params>
          <reporter-output>
          </reporter-output>
        </test-method> <!-- RUNALL -->
        <test-method signature="RUNALL(java.util.Map,org.testng.ITestContext)[pri:0, instance:com.test.AllScenarios_EG_TC@306cf3ea]" started-at="2025-02-27T14:11:01 IST" name="RUNALL" data-provider="TestData" finished-at="2025-02-27T14:11:01 IST" duration-ms="1" status="PASS">
          <params>
            <param index="0">
              <value>
                <![CDATA[{=, Pre-conditions=, prod=, qa=, Run=, TestScenario=, uat=}]]>
              </value>
            </param>
            <param index="1">
              <value>
                <![CDATA[org.testng.TestRunner@4078695f]]>
              </value>
            </param>
          </params>
          <reporter-output>
          </reporter-output>
        </test-method> <!-- RUNALL -->
        <test-method is-config="true" signature="sharingReport()[pri:0, instance:com.test.AllScenarios_EG_TC@306cf3ea]" started-at="2025-02-27T14:11:01 IST" name="sharingReport" finished-at="2025-02-27T14:11:01 IST" duration-ms="1" status="PASS">
          <reporter-output>
          </reporter-output>
        </test-method> <!-- sharingReport -->
      </class> <!-- com.test.AllScenarios_EG_TC -->
    </test> <!-- Default test -->
  </suite> <!-- Default suite -->
</testng-results>
